#  step      rmse_val    rmse_trn    rmse_e_val  rmse_e_trn    rmse_f_val  rmse_f_trn         lr
# If there is no available reference data, rmse_*_{val,trn} will print nan
      0      3.74e+01    3.32e+01      1.17e-01    1.31e-01      1.18e+00    1.05e+00    1.0e-03
    100      2.52e+01    3.10e+01      1.06e-01    2.66e-02      7.98e-01    9.80e-01    1.0e-03
    200      2.36e+01    2.22e+01      7.22e-02    1.03e-01      7.47e-01    7.01e-01    1.0e-03
    300      1.65e+01    2.05e+01      1.06e-01    1.13e-01      5.21e-01    6.50e-01    1.0e-03
    400      1.02e+01    1.63e+01      1.31e-01    8.37e-02      3.21e-01    5.16e-01    1.0e-03
    500      1.36e+01    1.63e+01      1.07e-01    1.06e-01      4.29e-01    5.15e-01    1.0e-03
    600      1.60e+01    1.74e+01      1.04e-01    7.34e-02      5.05e-01    5.49e-01    1.0e-03
    700      1.23e+01    1.37e+01      1.33e-02    1.04e-02      3.88e-01    4.33e-01    1.0e-03
    800      8.39e+00    1.12e+01      6.24e-02    5.77e-02      2.65e-01    3.54e-01    1.0e-03
    900      1.50e+01    1.04e+01      8.65e-02    9.48e-02      4.75e-01    3.30e-01    1.0e-03
   1000      1.15e+01    1.34e+01      8.85e-02    7.79e-02      4.04e-01    4.70e-01    8.1e-04
   1100      1.12e+01    1.25e+01      7.50e-03    3.19e-02      3.91e-01    4.37e-01    8.1e-04
   1200      1.24e+01    1.08e+01      1.92e-02    1.46e-02      4.33e-01    3.77e-01    8.1e-04
   1300      9.64e+00    8.47e+00      7.00e-02    7.28e-02      3.38e-01    2.97e-01    8.1e-04
   1400      1.10e+01    1.25e+01      6.61e-02    3.26e-02      3.85e-01    4.38e-01    8.1e-04
   1500      8.48e+00    1.18e+01      6.71e-02    5.08e-02      2.97e-01    4.14e-01    8.1e-04
   1600      1.18e+01    1.13e+01      4.56e-02    3.08e-02      4.13e-01    3.97e-01    8.1e-04
   1700      1.21e+01    1.22e+01      8.07e-02    6.42e-02      4.22e-01    4.28e-01    8.1e-04
   1800      1.08e+01    1.07e+01      5.96e-02    3.38e-02      3.79e-01    3.76e-01    8.1e-04
   1900      1.55e+01    1.11e+01      4.01e-02    4.05e-02      5.44e-01    3.89e-01    8.1e-04
   2000      1.03e+01    1.15e+01      1.58e-03    1.53e-03      4.01e-01    4.45e-01    6.6e-04
   2100      1.01e+01    1.02e+01      5.57e-03    1.17e-02      3.94e-01    3.96e-01    6.6e-04
   2200      1.05e+01    1.03e+01      2.66e-03    5.79e-03      4.07e-01    4.00e-01    6.6e-04
   2300      6.32e+00    9.35e+00      4.73e-03    1.30e-02      2.45e-01    3.63e-01    6.6e-04
   2400      9.93e+00    9.59e+00      1.25e-03    1.33e-02      3.85e-01    3.72e-01    6.6e-04
   2500      1.40e+01    1.07e+01      3.52e-02    1.96e-02      5.42e-01    4.14e-01    6.6e-04
   2600      6.71e+00    8.88e+00      2.69e-02    4.89e-03      2.60e-01    3.45e-01    6.6e-04
   2700      1.02e+01    6.59e+00      1.14e-02    1.17e-02      3.98e-01    2.56e-01    6.6e-04
   2800      1.04e+01    9.17e+00      4.30e-03    1.85e-02      4.04e-01    3.56e-01    6.6e-04
   2900      6.90e+00    9.31e+00      3.21e-02    5.33e-02      2.68e-01    3.61e-01    6.6e-04
   3000      6.91e+00    7.25e+00      4.30e-02    2.63e-02      2.97e-01    3.11e-01    5.4e-04
   3100      8.63e+00    7.75e+00      1.27e-02    6.40e-03      3.71e-01    3.33e-01    5.4e-04
   3200      8.25e+00    9.41e+00      3.71e-03    8.45e-03      3.55e-01    4.05e-01    5.4e-04
   3300      7.95e+00    7.92e+00      1.60e-02    2.12e-02      3.42e-01    3.40e-01    5.4e-04
   3400      8.98e+00    8.17e+00      1.49e-02    1.86e-02      3.86e-01    3.51e-01    5.4e-04
   3500      7.48e+00    8.70e+00      1.29e-02    1.08e-03      3.22e-01    3.74e-01    5.4e-04
   3600      4.42e+00    8.82e+00      1.10e-02    9.88e-03      1.90e-01    3.79e-01    5.4e-04
   3700      6.71e+00    7.57e+00      9.96e-03    7.89e-03      2.89e-01    3.26e-01    5.4e-04
   3800      8.19e+00    7.41e+00      2.22e-02    1.99e-02      3.52e-01    3.19e-01    5.4e-04
   3900      6.67e+00    8.91e+00      1.27e-02    9.43e-03      2.87e-01    3.83e-01    5.4e-04
   4000      1.05e+01    7.47e+00      1.58e-02    9.09e-03      5.00e-01    3.56e-01    4.4e-04
   4100      6.58e+00    5.99e+00      2.14e-03    4.37e-04      3.14e-01    2.85e-01    4.4e-04
   4200      7.51e+00    8.02e+00      2.40e-02    4.21e-03      3.58e-01    3.82e-01    4.4e-04
   4300      6.21e+00    1.01e+01      1.93e-02    1.16e-02      2.96e-01    4.80e-01    4.4e-04
   4400      9.32e+00    6.86e+00      2.24e-02    2.18e-02      4.44e-01    3.27e-01    4.4e-04
   4500      7.75e+00    6.76e+00      1.25e-02    1.61e-04      3.69e-01    3.22e-01    4.4e-04
   4600      5.83e+00    8.19e+00      1.46e-02    1.23e-02      2.78e-01    3.90e-01    4.4e-04
   4700      7.94e+00    5.88e+00      8.58e-03    1.19e-02      3.78e-01    2.80e-01    4.4e-04
   4800      3.51e+00    6.26e+00      1.33e-02    7.10e-03      1.67e-01    2.98e-01    4.4e-04
   4900      7.46e+00    4.45e+00      4.89e-03    2.13e-02      3.55e-01    2.12e-01    4.4e-04
   5000      7.56e+00    4.97e+00      1.35e-02    8.93e-03      3.99e-01    2.62e-01    3.6e-04
   5100      5.61e+00    6.48e+00      8.20e-03    2.02e-03      2.96e-01    3.42e-01    3.6e-04
   5200      4.90e+00    4.44e+00      3.40e-03    3.60e-03      2.59e-01    2.34e-01    3.6e-04
   5300      6.11e+00    6.60e+00      3.02e-02    2.22e-02      3.22e-01    3.48e-01    3.6e-04
   5400      6.24e+00    4.31e+00      6.45e-03    8.33e-03      3.29e-01    2.27e-01    3.6e-04
   5500      6.22e+00    7.04e+00      1.31e-02    1.47e-02      3.28e-01    3.71e-01    3.6e-04
   5600      6.30e+00    5.18e+00      1.42e-02    1.48e-02      3.32e-01    2.73e-01    3.6e-04
   5700      4.59e+00    5.91e+00      6.84e-03    6.91e-03      2.42e-01    3.12e-01    3.6e-04
   5800      5.72e+00    4.66e+00      1.21e-02    4.88e-03      3.02e-01    2.46e-01    3.6e-04
   5900      6.40e+00    7.01e+00      1.51e-02    6.85e-04      3.38e-01    3.70e-01    3.6e-04
   6000      6.32e+00    6.00e+00      2.02e-03    1.41e-02      3.70e-01    3.51e-01    2.9e-04
   6100      5.91e+00    6.34e+00      3.12e-03    7.58e-03      3.45e-01    3.71e-01    2.9e-04
   6200      5.98e+00    5.71e+00      1.05e-02    1.15e-02      3.50e-01    3.34e-01    2.9e-04
   6300      5.24e+00    5.07e+00      5.01e-03    1.94e-02      3.06e-01    2.96e-01    2.9e-04
   6400      5.32e+00    5.71e+00      8.33e-03    1.34e-02      3.11e-01    3.33e-01    2.9e-04
   6500      3.85e+00    6.00e+00      2.02e-02    1.28e-02      2.25e-01    3.51e-01    2.9e-04
   6600      8.86e+00    4.08e+00      2.61e-02    1.60e-03      5.18e-01    2.39e-01    2.9e-04
   6700      6.61e+00    5.54e+00      2.38e-02    1.31e-02      3.86e-01    3.24e-01    2.9e-04
   6800      5.10e+00    5.75e+00      7.96e-03    1.10e-02      2.98e-01    3.36e-01    2.9e-04
   6900      5.85e+00    4.44e+00      1.31e-02    1.93e-02      3.42e-01    2.59e-01    2.9e-04
   7000      5.80e+00    4.86e+00      2.79e-03    8.54e-03      3.76e-01    3.14e-01    2.4e-04
   7100      4.53e+00    5.84e+00      1.43e-02    1.27e-02      2.93e-01    3.78e-01    2.4e-04
   7200      4.94e+00    2.47e+00      5.86e-03    4.06e-03      3.19e-01    1.60e-01    2.4e-04
   7300      5.01e+00    4.90e+00      8.23e-03    1.34e-02      3.25e-01    3.17e-01    2.4e-04
   7400      5.37e+00    3.86e+00      7.86e-04    9.79e-03      3.48e-01    2.50e-01    2.4e-04
   7500      3.86e+00    5.47e+00      1.17e-02    7.52e-03      2.50e-01    3.54e-01    2.4e-04
   7600      4.09e+00    6.90e+00      1.76e-03    9.07e-03      2.65e-01    4.47e-01    2.4e-04
   7700      4.29e+00    4.52e+00      1.08e-02    2.97e-04      2.78e-01    2.93e-01    2.4e-04
   7800      4.72e+00    5.41e+00      1.16e-03    1.56e-02      3.05e-01    3.50e-01    2.4e-04
   7900      4.92e+00    4.64e+00      1.91e-02    9.84e-03      3.19e-01    3.01e-01    2.4e-04
   8000      4.37e+00    4.12e+00      2.95e-02    3.84e-03      3.13e-01    2.96e-01    1.9e-04
   8100      4.61e+00    4.36e+00      2.86e-02    9.97e-03      3.30e-01    3.12e-01    1.9e-04
   8200      5.34e+00    3.57e+00      5.71e-04    1.18e-02      3.83e-01    2.56e-01    1.9e-04
   8300      4.71e+00    4.80e+00      1.07e-02    6.24e-03      3.38e-01    3.44e-01    1.9e-04
   8400      3.56e+00    3.92e+00      1.64e-03    2.09e-03      2.55e-01    2.81e-01    1.9e-04
   8500      3.79e+00    4.52e+00      6.67e-03    1.03e-02      2.72e-01    3.24e-01    1.9e-04
   8600      3.54e+00    4.49e+00      3.89e-03    1.88e-02      2.54e-01    3.22e-01    1.9e-04
   8700      3.51e+00    3.58e+00      1.53e-02    2.53e-03      2.51e-01    2.57e-01    1.9e-04
   8800      3.88e+00    5.18e+00      5.93e-03    1.58e-03      2.78e-01    3.71e-01    1.9e-04
   8900      4.72e+00    3.80e+00      4.49e-03    2.43e-03      3.38e-01    2.72e-01    1.9e-04
   9000      4.52e+00    4.13e+00      1.87e-02    3.97e-04      3.59e-01    3.28e-01    1.6e-04
   9100      4.27e+00    2.38e+00      8.63e-03    1.12e-02      3.39e-01    1.89e-01    1.6e-04
   9200      3.06e+00    3.86e+00      3.59e-03    3.34e-03      2.43e-01    3.06e-01    1.6e-04
   9300      2.35e+00    3.42e+00      5.53e-04    5.58e-03      1.87e-01    2.71e-01    1.6e-04
   9400      3.55e+00    4.37e+00      7.23e-03    5.68e-03      2.82e-01    3.47e-01    1.6e-04
   9500      3.67e+00    2.37e+00      1.56e-02    4.31e-03      2.91e-01    1.88e-01    1.6e-04
   9600      3.71e+00    3.87e+00      9.37e-03    8.95e-03      2.94e-01    3.07e-01    1.6e-04
   9700      2.87e+00    3.34e+00      1.66e-02    1.42e-02      2.28e-01    2.65e-01    1.6e-04
   9800      4.29e+00    4.20e+00      1.84e-02    2.19e-02      3.41e-01    3.33e-01    1.6e-04
   9900      4.00e+00    3.06e+00      4.60e-03    3.12e-03      3.17e-01    2.43e-01    1.6e-04
  10000      3.27e+00    3.47e+00      3.74e-03    4.52e-03      2.88e-01    3.05e-01    1.3e-04
  10100      1.66e+00    2.46e+00      1.46e-03    9.14e-03      1.45e-01    2.16e-01    1.3e-04
  10200      3.68e+00    2.42e+00      3.12e-02    8.50e-03      3.23e-01    2.13e-01    1.3e-04
  10300      3.09e+00    3.60e+00      6.01e-03    7.82e-03      2.71e-01    3.16e-01    1.3e-04
  10400      1.79e+00    3.11e+00      8.50e-03    1.15e-02      1.57e-01    2.73e-01    1.3e-04
  10500      3.82e+00    4.01e+00      1.34e-02    9.43e-03      3.36e-01    3.52e-01    1.3e-04
  10600      2.64e+00    3.57e+00      5.37e-03    5.38e-03      2.32e-01    3.14e-01    1.3e-04
  10700      2.81e+00    5.01e+00      7.98e-03    2.45e-02      2.47e-01    4.40e-01    1.3e-04
  10800      4.26e+00    3.06e+00      6.01e-03    1.81e-02      3.75e-01    2.69e-01    1.3e-04
  10900      3.35e+00    3.51e+00      2.98e-03    1.14e-02      2.94e-01    3.08e-01    1.3e-04
  11000      3.59e+00    2.17e+00      6.51e-03    4.23e-04      3.50e-01    2.11e-01    1.0e-04
  11100      3.40e+00    3.72e+00      4.58e-03    7.63e-03      3.31e-01    3.61e-01    1.0e-04
  11200      3.63e+00    3.31e+00      1.77e-03    6.17e-03      3.53e-01    3.22e-01    1.0e-04
  11300      2.29e+00    2.69e+00      3.51e-03    9.04e-03      2.22e-01    2.61e-01    1.0e-04
  11400      3.11e+00    3.05e+00      1.51e-02    4.93e-03      3.02e-01    2.97e-01    1.0e-04
  11500      3.17e+00    3.19e+00      1.41e-02    6.85e-03      3.08e-01    3.10e-01    1.0e-04
  11600      2.89e+00    3.05e+00      1.14e-03    1.44e-02      2.82e-01    2.97e-01    1.0e-04
  11700      2.60e+00    3.63e+00      4.60e-03    1.68e-03      2.53e-01    3.53e-01    1.0e-04
  11800      1.87e+00    3.30e+00      1.08e-02    7.92e-03      1.82e-01    3.22e-01    1.0e-04
  11900      3.15e+00    2.92e+00      2.40e-02    2.62e-02      3.06e-01    2.83e-01    1.0e-04
  12000      2.70e+00    1.85e+00      8.89e-03    5.79e-03      2.91e-01    1.99e-01    8.5e-05
  12100      2.92e+00    2.83e+00      6.24e-03    4.35e-03      3.14e-01    3.05e-01    8.5e-05
  12200      2.94e+00    1.80e+00      4.67e-03    1.03e-02      3.17e-01    1.94e-01    8.5e-05
  12300      3.04e+00    2.90e+00      5.89e-03    4.35e-03      3.28e-01    3.12e-01    8.5e-05
  12400      3.09e+00    2.51e+00      1.60e-02    2.36e-02      3.33e-01    2.70e-01    8.5e-05
  12500      3.20e+00    2.75e+00      9.26e-03    4.28e-03      3.45e-01    2.96e-01    8.5e-05
  12600      2.50e+00    3.29e+00      8.56e-03    1.38e-02      2.69e-01    3.54e-01    8.5e-05
  12700      2.27e+00    2.45e+00      1.30e-02    9.21e-03      2.44e-01    2.64e-01    8.5e-05
  12800      2.54e+00    2.84e+00      1.29e-02    7.11e-03      2.74e-01    3.06e-01    8.5e-05
  12900      2.91e+00    2.50e+00      6.11e-03    1.91e-02      3.13e-01    2.69e-01    8.5e-05
  13000      1.55e+00    2.29e+00      8.64e-03    1.22e-02      1.84e-01    2.72e-01    6.9e-05
  13100      2.75e+00    2.32e+00      2.18e-04    8.99e-03      3.28e-01    2.76e-01    6.9e-05
  13200      3.63e+00    2.69e+00      1.15e-02    2.32e-02      4.33e-01    3.20e-01    6.9e-05
  13300      2.07e+00    2.41e+00      3.32e-03    2.76e-05      2.47e-01    2.87e-01    6.9e-05
  13400      2.58e+00    2.16e+00      1.73e-02    8.16e-03      3.07e-01    2.57e-01    6.9e-05
  13500      2.23e+00    2.94e+00      6.26e-03    1.85e-02      2.66e-01    3.50e-01    6.9e-05
  13600      2.06e+00    1.61e+00      5.80e-03    5.77e-03      2.45e-01    1.91e-01    6.9e-05
  13700      2.40e+00    2.94e+00      1.65e-02    4.68e-03      2.86e-01    3.50e-01    6.9e-05
  13800      2.03e+00    1.53e+00      1.93e-02    8.15e-03      2.41e-01    1.82e-01    6.9e-05
  13900      1.76e+00    2.24e+00      1.35e-02    1.46e-03      2.09e-01    2.67e-01    6.9e-05
  14000      1.97e+00    1.93e+00      6.08e-03    1.29e-02      2.60e-01    2.55e-01    5.7e-05
  14100      2.52e+00    2.23e+00      1.40e-02    3.60e-03      3.32e-01    2.94e-01    5.7e-05
  14200      2.64e+00    1.90e+00      7.08e-03    2.63e-03      3.48e-01    2.51e-01    5.7e-05
  14300      2.47e+00    2.24e+00      3.78e-03    6.62e-03      3.26e-01    2.95e-01    5.7e-05
  14400      2.13e+00    2.19e+00      3.45e-03    3.46e-03      2.81e-01    2.88e-01    5.7e-05
  14500      2.29e+00    2.37e+00      3.46e-03    1.05e-02      3.02e-01    3.12e-01    5.7e-05
  14600      2.71e+00    2.48e+00      8.46e-03    7.98e-03      3.58e-01    3.26e-01    5.7e-05
  14700      3.44e+00    2.00e+00      8.93e-05    4.36e-03      4.53e-01    2.63e-01    5.7e-05
  14800      2.49e+00    2.26e+00      1.38e-03    4.74e-03      3.28e-01    2.98e-01    5.7e-05
  14900      2.02e+00    1.95e+00      1.99e-03    7.93e-03      2.66e-01    2.57e-01    5.7e-05
  15000      1.95e+00    1.68e+00      8.78e-03    7.03e-03      2.84e-01    2.45e-01    4.6e-05
  15100      2.07e+00    1.72e+00      3.60e-03    1.24e-02      3.02e-01    2.50e-01    4.6e-05
  15200      1.54e+00    2.13e+00      3.89e-03    5.38e-03      2.24e-01    3.10e-01    4.6e-05
  15300      2.19e+00    1.35e+00      4.79e-03    8.98e-03      3.19e-01    1.96e-01    4.6e-05
  15400      2.01e+00    2.24e+00      2.22e-03    4.15e-03      2.93e-01    3.27e-01    4.6e-05
  15500      2.22e+00    2.84e+00      6.26e-03    8.45e-03      3.23e-01    4.14e-01    4.6e-05
  15600      2.00e+00    1.49e+00      6.10e-03    7.92e-03      2.92e-01    2.17e-01    4.6e-05
  15700      1.61e+00    2.09e+00      1.78e-03    5.00e-03      2.35e-01    3.04e-01    4.6e-05
  15800      1.29e+00    2.14e+00      1.04e-02    1.16e-02      1.88e-01    3.12e-01    4.6e-05
  15900      1.95e+00    2.07e+00      7.09e-03    2.15e-02      2.84e-01    3.01e-01    4.6e-05
  16000      7.78e-01    2.04e+00      4.49e-03    2.41e-03      1.25e-01    3.28e-01    3.8e-05
  16100      2.83e+00    1.08e+00      1.46e-02    1.06e-02      4.55e-01    1.73e-01    3.8e-05
  16200      1.92e+00    2.24e+00      2.26e-03    1.64e-02      3.10e-01    3.61e-01    3.8e-05
  16300      2.02e+00    1.98e+00      1.86e-02    6.78e-03      3.25e-01    3.19e-01    3.8e-05
  16400      1.47e+00    2.10e+00      1.16e-02    5.98e-03      2.36e-01    3.39e-01    3.8e-05
  16500      1.85e+00    1.58e+00      1.10e-02    8.68e-03      2.97e-01    2.55e-01    3.8e-05
  16600      2.05e+00    1.71e+00      1.48e-02    3.75e-04      3.31e-01    2.76e-01    3.8e-05
  16700      2.03e+00    1.84e+00      6.83e-04    1.44e-04      3.27e-01    2.96e-01    3.8e-05
  16800      1.76e+00    1.56e+00      7.65e-03    5.50e-03      2.83e-01    2.51e-01    3.8e-05
  16900      1.61e+00    1.81e+00      8.25e-03    7.68e-03      2.59e-01    2.92e-01    3.8e-05
  17000      2.11e+00    1.46e+00      1.47e-02    2.27e-03      3.75e-01    2.61e-01    3.1e-05
  17100      1.76e+00    1.72e+00      8.12e-03    1.15e-03      3.13e-01    3.05e-01    3.1e-05
  17200      1.53e+00    1.67e+00      5.24e-03    1.10e-02      2.72e-01    2.98e-01    3.1e-05
  17300      1.38e+00    1.73e+00      1.73e-03    1.60e-03      2.46e-01    3.08e-01    3.1e-05
  17400      1.11e+00    2.15e+00      8.61e-03    2.34e-03      1.98e-01    3.84e-01    3.1e-05
  17500      1.34e+00    1.92e+00      9.99e-03    2.67e-02      2.38e-01    3.41e-01    3.1e-05
  17600      1.47e+00    1.61e+00      2.39e-03    1.47e-02      2.62e-01    2.87e-01    3.1e-05
  17700      1.63e+00    1.36e+00      9.00e-06    6.94e-03      2.90e-01    2.41e-01    3.1e-05
  17800      1.43e+00    1.56e+00      7.23e-03    4.70e-03      2.54e-01    2.78e-01    3.1e-05
  17900      1.48e+00    1.58e+00      3.32e-03    4.49e-03      2.63e-01    2.81e-01    3.1e-05
  18000      1.64e+00    1.36e+00      1.25e-03    1.23e-03      3.22e-01    2.67e-01    2.5e-05
  18100      1.55e+00    1.52e+00      1.23e-02    9.95e-03      3.04e-01    2.99e-01    2.5e-05
  18200      1.39e+00    1.25e+00      1.95e-02    7.77e-03      2.71e-01    2.45e-01    2.5e-05
  18300      1.18e+00    1.55e+00      1.34e-02    1.58e-02      2.31e-01    3.04e-01    2.5e-05
  18400      1.21e+00    1.32e+00      5.77e-05    7.24e-04      2.37e-01    2.60e-01    2.5e-05
  18500      1.67e+00    1.34e+00      5.58e-03    6.09e-03      3.27e-01    2.63e-01    2.5e-05
  18600      1.48e+00    1.39e+00      1.44e-02    7.86e-03      2.91e-01    2.72e-01    2.5e-05
  18700      1.55e+00    1.51e+00      6.94e-03    1.92e-03      3.05e-01    2.97e-01    2.5e-05
  18800      1.53e+00    1.33e+00      1.03e-02    8.07e-04      3.01e-01    2.61e-01    2.5e-05
  18900      2.41e+00    1.56e+00      4.42e-03    1.00e-02      4.74e-01    3.06e-01    2.5e-05
  19000      7.31e-01    1.18e+00      7.64e-03    3.31e-03      1.58e-01    2.56e-01    2.0e-05
  19100      1.71e+00    1.32e+00      5.39e-03    2.28e-03      3.71e-01    2.86e-01    2.0e-05
  19200      1.30e+00    9.85e-01      8.05e-03    1.05e-02      2.81e-01    2.13e-01    2.0e-05
  19300      1.32e+00    1.22e+00      5.68e-03    3.50e-04      2.86e-01    2.64e-01    2.0e-05
  19400      1.35e+00    1.51e+00      2.25e-02    4.29e-03      2.89e-01    3.27e-01    2.0e-05
  19500      1.18e+00    1.46e+00      1.75e-03    1.34e-02      2.57e-01    3.16e-01    2.0e-05
  19600      1.26e+00    1.33e+00      6.07e-03    5.25e-03      2.72e-01    2.88e-01    2.0e-05
  19700      1.60e+00    1.38e+00      3.72e-03    1.07e-02      3.47e-01    2.99e-01    2.0e-05
  19800      1.43e+00    1.23e+00      4.25e-03    1.19e-02      3.10e-01    2.66e-01    2.0e-05
  19900      1.22e+00    1.19e+00      1.47e-02    9.94e-03      2.62e-01    2.57e-01    2.0e-05
  20000      1.30e+00    1.15e+00      1.09e-02    2.69e-04      3.10e-01    2.74e-01    1.7e-05
  20100      1.02e+00    1.22e+00      1.72e-03    1.47e-03      2.45e-01    2.92e-01    1.7e-05
  20200      1.22e+00    1.08e+00      2.83e-03    8.15e-03      2.91e-01    2.58e-01    1.7e-05
  20300      1.08e+00    1.30e+00      2.63e-03    8.90e-03      2.58e-01    3.09e-01    1.7e-05
  20400      1.00e+00    1.13e+00      6.47e-04    4.29e-04      2.39e-01    2.69e-01    1.7e-05
  20500      1.55e+00    1.31e+00      3.32e-03    5.50e-03      3.69e-01    3.12e-01    1.7e-05
  20600      1.19e+00    1.35e+00      6.03e-03    3.19e-03      2.83e-01    3.23e-01    1.7e-05
  20700      9.98e-01    9.98e-01      1.38e-03    1.03e-02      2.38e-01    2.38e-01    1.7e-05
  20800      1.22e+00    1.16e+00      2.07e-02    3.22e-03      2.89e-01    2.77e-01    1.7e-05
  20900      1.33e+00    5.82e-01      4.32e-03    4.18e-03      3.17e-01    1.39e-01    1.7e-05
  21000      1.16e+00    9.63e-01      3.20e-03    1.08e-02      3.06e-01    2.53e-01    1.3e-05
  21100      1.21e+00    1.19e+00      4.09e-03    2.09e-03      3.19e-01    3.12e-01    1.3e-05
  21200      1.17e+00    1.12e+00      7.88e-04    2.31e-03      3.07e-01    2.96e-01    1.3e-05
  21300      5.78e-01    1.26e+00      7.68e-03    2.37e-03      1.51e-01    3.32e-01    1.3e-05
  21400      7.63e-01    8.37e-01      1.26e-02    9.56e-03      1.99e-01    2.19e-01    1.3e-05
  21500      5.12e-01    8.71e-01      1.89e-03    1.53e-02      1.35e-01    2.27e-01    1.3e-05
  21600      1.31e+00    1.06e+00      1.23e-03    1.62e-03      3.45e-01    2.78e-01    1.3e-05
  21700      1.03e+00    1.34e+00      1.38e-02    2.28e-03      2.71e-01    3.53e-01    1.3e-05
  21800      1.14e+00    1.03e+00      6.92e-03    2.86e-03      2.99e-01    2.70e-01    1.3e-05
  21900      1.19e+00    9.70e-01      9.68e-03    7.94e-03      3.12e-01    2.55e-01    1.3e-05
  22000      8.01e-01    7.78e-01      4.84e-03    1.26e-02      2.32e-01    2.23e-01    1.1e-05
  22100      1.04e+00    7.96e-01      8.00e-03    6.23e-03      2.99e-01    2.30e-01    1.1e-05
  22200      9.10e-01    6.53e-01      1.35e-02    3.77e-03      2.61e-01    1.89e-01    1.1e-05
  22300      9.41e-01    9.56e-01      4.20e-03    4.05e-03      2.72e-01    2.76e-01    1.1e-05
  22400      1.04e+00    7.92e-01      5.04e-03    2.33e-03      3.02e-01    2.29e-01    1.1e-05
  22500      1.56e+00    1.40e+00      1.95e-03    5.98e-03      4.51e-01    4.05e-01    1.1e-05
  22600      9.82e-01    9.35e-01      8.52e-03    5.38e-03      2.83e-01    2.70e-01    1.1e-05
  22700      1.12e+00    1.12e+00      4.86e-04    1.76e-03      3.23e-01    3.24e-01    1.1e-05
  22800      8.20e-01    1.09e+00      3.70e-03    2.61e-03      2.37e-01    3.16e-01    1.1e-05
  22900      8.65e-01    8.97e-01      4.07e-04    7.71e-03      2.50e-01    2.59e-01    1.1e-05
  23000      8.49e-01    5.95e-01      4.12e-03    4.82e-03      2.69e-01    1.89e-01    8.9e-06
  23100      9.38e-01    1.02e+00      1.80e-03    3.80e-03      2.98e-01    3.22e-01    8.9e-06
  23200      5.67e-01    9.63e-01      2.03e-03    2.79e-03      1.80e-01    3.06e-01    8.9e-06
  23300      6.34e-01    6.13e-01      9.62e-03    1.27e-03      2.00e-01    1.95e-01    8.9e-06
  23400      8.02e-01    7.63e-01      2.60e-03    9.38e-03      2.55e-01    2.41e-01    8.9e-06
  23500      7.52e-01    1.06e+00      5.24e-03    5.73e-03      2.39e-01    3.36e-01    8.9e-06
  23600      8.03e-01    9.95e-01      5.70e-04    1.47e-02      2.55e-01    3.14e-01    8.9e-06
  23700      7.26e-01    6.54e-01      1.76e-03    8.00e-03      2.30e-01    2.07e-01    8.9e-06
  23800      1.42e+00    6.83e-01      8.43e-03    2.46e-03      4.51e-01    2.17e-01    8.9e-06
  23900      1.00e+00    8.60e-01      4.24e-03    5.84e-03      3.18e-01    2.73e-01    8.9e-06
  24000      8.24e-01    5.93e-01      1.27e-02    8.76e-03      2.85e-01    2.05e-01    7.3e-06
  24100      7.51e-01    7.19e-01      2.86e-03    8.39e-03      2.61e-01    2.49e-01    7.3e-06
  24200      8.55e-01    9.14e-01      6.47e-03    1.60e-03      2.97e-01    3.18e-01    7.3e-06
  24300      9.25e-01    7.73e-01      1.18e-03    3.96e-03      3.22e-01    2.69e-01    7.3e-06
  24400      6.08e-01    8.56e-01      6.69e-03    3.90e-03      2.11e-01    2.98e-01    7.3e-06
  24500      7.36e-01    9.06e-01      1.73e-03    1.12e-02      2.56e-01    3.14e-01    7.3e-06
  24600      9.22e-01    9.76e-01      2.32e-05    7.11e-03      3.21e-01    3.39e-01    7.3e-06
  24700      7.99e-01    7.84e-01      6.20e-04    6.19e-03      2.78e-01    2.72e-01    7.3e-06
  24800      9.57e-01    7.70e-01      3.07e-02    4.60e-03      3.23e-01    2.67e-01    7.3e-06
  24900      7.40e-01    7.51e-01      1.33e-03    4.46e-04      2.57e-01    2.61e-01    7.3e-06
  25000      8.07e-01    6.87e-01      7.40e-03    8.48e-03      3.06e-01    2.60e-01    5.9e-06
  25100      6.21e-01    6.62e-01      6.44e-03    1.71e-03      2.36e-01    2.52e-01    5.9e-06
  25200      7.22e-01    5.17e-01      5.96e-03    4.36e-03      2.74e-01    1.96e-01    5.9e-06
  25300      8.66e-01    7.36e-01      6.90e-03    1.78e-03      3.28e-01    2.80e-01    5.9e-06
  25400      7.25e-01    5.47e-01      3.82e-03    1.59e-03      2.75e-01    2.08e-01    5.9e-06
  25500      6.13e-01    6.30e-01      6.47e-03    8.50e-03      2.32e-01    2.38e-01    5.9e-06
  25600      7.83e-01    4.71e-01      1.52e-03    8.24e-03      2.98e-01    1.78e-01    5.9e-06
  25700      8.77e-01    7.37e-01      2.59e-03    4.37e-03      3.33e-01    2.80e-01    5.9e-06
  25800      8.25e-01    7.34e-01      6.78e-03    2.77e-03      3.13e-01    2.79e-01    5.9e-06
  25900      7.73e-01    4.79e-01      1.81e-03    5.54e-03      2.94e-01    1.81e-01    5.9e-06
  26000      7.76e-01    5.04e-01      4.59e-03    4.21e-03      3.21e-01    2.09e-01    4.8e-06
  26100      8.59e-01    8.94e-01      1.23e-02    1.04e-02      3.54e-01    3.69e-01    4.8e-06
  26200      6.78e-01    6.93e-01      6.07e-03    5.66e-03      2.80e-01    2.87e-01    4.8e-06
  26300      6.30e-01    7.19e-01      4.07e-03    2.14e-03      2.61e-01    2.98e-01    4.8e-06
  26400      6.54e-01    8.40e-01      4.86e-03    2.82e-02      2.71e-01    3.36e-01    4.8e-06
  26500      7.34e-01    6.69e-01      1.67e-02    1.92e-03      2.99e-01    2.77e-01    4.8e-06
  26600      5.54e-01    4.35e-01      7.26e-03    1.24e-03      2.28e-01    1.80e-01    4.8e-06
  26700      8.92e-01    4.97e-01      1.30e-02    6.49e-03      3.67e-01    2.05e-01    4.8e-06
  26800      7.97e-01    5.43e-01      1.42e-02    3.71e-04      3.27e-01    2.25e-01    4.8e-06
  26900      6.04e-01    7.80e-01      2.46e-03    3.74e-03      2.50e-01    3.23e-01    4.8e-06
  27000      7.94e-01    4.65e-01      7.04e-03    8.52e-03      3.57e-01    2.07e-01    3.9e-06
  27100      9.47e-01    7.18e-01      5.02e-03    1.10e-02      4.26e-01    3.21e-01    3.9e-06
  27200      4.93e-01    5.99e-01      1.23e-02    1.20e-03      2.18e-01    2.70e-01    3.9e-06
  27300      6.22e-01    4.30e-01      6.86e-03    4.26e-03      2.79e-01    1.93e-01    3.9e-06
  27400      7.01e-01    5.32e-01      4.38e-04    5.53e-03      3.16e-01    2.39e-01    3.9e-06
  27500      6.86e-01    6.37e-01      5.96e-03    8.16e-03      3.08e-01    2.86e-01    3.9e-06
  27600      4.22e-01    3.96e-01      1.50e-03    5.24e-03      1.90e-01    1.77e-01    3.9e-06
  27700      5.11e-01    6.31e-01      1.08e-03    2.58e-03      2.30e-01    2.84e-01    3.9e-06
  27800      7.19e-01    6.81e-01      7.10e-03    1.63e-02      3.23e-01    3.02e-01    3.9e-06
  27900      6.35e-01    9.22e-01      1.19e-02    2.70e-03      2.83e-01    4.15e-01    3.9e-06
  28000      6.23e-01    4.85e-01      2.22e-03    2.29e-03      3.04e-01    2.37e-01    3.2e-06
  28100      6.98e-01    5.89e-01      4.76e-03    6.16e-03      3.40e-01    2.87e-01    3.2e-06
  28200      6.78e-01    6.37e-01      2.42e-02    1.64e-03      3.18e-01    3.11e-01    3.2e-06
  28300      6.14e-01    5.17e-01      1.94e-02    5.92e-03      2.91e-01    2.51e-01    3.2e-06
  28400      5.22e-01    5.71e-01      9.23e-03    1.76e-03      2.53e-01    2.79e-01    3.2e-06
  28500      6.07e-01    3.70e-01      1.65e-03    1.38e-03      2.96e-01    1.80e-01    3.2e-06
  28600      3.63e-01    5.27e-01      3.72e-03    3.93e-03      1.77e-01    2.57e-01    3.2e-06
  28700      4.88e-01    4.80e-01      2.27e-03    6.27e-04      2.38e-01    2.34e-01    3.2e-06
  28800      2.72e-01    5.56e-01      1.21e-03    9.08e-04      1.33e-01    2.71e-01    3.2e-06
  28900      5.72e-01    4.04e-01      1.03e-02    3.74e-03      2.76e-01    1.97e-01    3.2e-06
  29000      6.20e-01    5.50e-01      9.20e-03    1.88e-03      3.24e-01    2.89e-01    2.6e-06
  29100      6.40e-01    5.57e-01      5.81e-03    6.73e-03      3.36e-01    2.92e-01    2.6e-06
  29200      8.85e-01    5.01e-01      1.83e-03    6.33e-04      4.66e-01    2.64e-01    2.6e-06
  29300      5.39e-01    4.23e-01      6.14e-03    1.08e-03      2.83e-01    2.23e-01    2.6e-06
  29400      5.02e-01    4.77e-01      7.87e-03    2.66e-04      2.62e-01    2.51e-01    2.6e-06
  29500      6.02e-01    5.42e-01      1.37e-03    9.09e-04      3.17e-01    2.86e-01    2.6e-06
  29600      5.49e-01    5.71e-01      1.38e-03    1.31e-02      2.89e-01    2.96e-01    2.6e-06
  29700      5.28e-01    5.59e-01      8.08e-03    1.77e-03      2.76e-01    2.94e-01    2.6e-06
  29800      6.04e-01    5.06e-01      4.68e-03    1.46e-03      3.18e-01    2.67e-01    2.6e-06
  29900      2.42e-01    4.15e-01      2.30e-03    1.04e-02      1.27e-01    2.14e-01    2.6e-06
  30000      4.27e-01    4.54e-01      8.39e-03    6.71e-03      2.39e-01    2.55e-01    2.1e-06
  30100      4.65e-01    5.70e-01      4.09e-03    2.70e-03      2.62e-01    3.22e-01    2.1e-06
  30200      3.17e-01    4.57e-01      2.60e-03    5.44e-03      1.79e-01    2.58e-01    2.1e-06
  30300      4.47e-01    6.23e-01      4.21e-03    1.40e-03      2.52e-01    3.52e-01    2.1e-06
  30400      6.08e-01    5.19e-01      2.73e-02    7.01e-04      3.23e-01    2.94e-01    2.1e-06
  30500      5.60e-01    3.19e-01      3.15e-03    2.15e-03      3.17e-01    1.80e-01    2.1e-06
  30600      5.27e-01    5.26e-01      4.09e-03    4.49e-03      2.98e-01    2.97e-01    2.1e-06
  30700      5.68e-01    2.57e-01      3.59e-04    8.44e-04      3.21e-01    1.45e-01    2.1e-06
  30800      4.92e-01    5.42e-01      7.45e-03    7.83e-04      2.77e-01    3.07e-01    2.1e-06
  30900      4.07e-01    6.12e-01      1.07e-03    5.09e-03      2.31e-01    3.46e-01    2.1e-06
  31000      4.58e-01    5.81e-01      1.22e-02    1.15e-02      2.71e-01    3.48e-01    1.7e-06
  31100      4.79e-01    5.05e-01      3.79e-03    1.19e-03      2.89e-01    3.06e-01    1.7e-06
  31200      4.21e-01    4.37e-01      2.12e-03    1.86e-03      2.55e-01    2.64e-01    1.7e-06
  31300      4.12e-01    4.38e-01      9.71e-04    2.10e-03      2.49e-01    2.65e-01    1.7e-06
  31400      4.58e-01    4.46e-01      1.04e-03    4.88e-04      2.77e-01    2.70e-01    1.7e-06
  31500      5.34e-01    5.57e-01      2.09e-03    4.68e-03      3.23e-01    3.37e-01    1.7e-06
  31600      7.03e-01    4.32e-01      1.10e-03    1.41e-03      4.26e-01    2.61e-01    1.7e-06
  31700      4.56e-01    5.23e-01      9.14e-03    1.42e-03      2.72e-01    3.17e-01    1.7e-06
  31800      3.96e-01    4.92e-01      4.24e-03    1.29e-03      2.39e-01    2.98e-01    1.7e-06
  31900      6.12e-01    4.51e-01      1.03e-02    7.73e-03      3.67e-01    2.71e-01    1.7e-06
  32000      2.08e-01    3.98e-01      4.84e-03    6.14e-03      1.32e-01    2.55e-01    1.4e-06
  32100      1.96e-01    4.22e-01      7.46e-04    1.77e-03      1.27e-01    2.72e-01    1.4e-06
  32200      4.36e-01    4.76e-01      3.74e-04    1.64e-04      2.81e-01    3.07e-01    1.4e-06
  32300      4.03e-01    4.30e-01      7.31e-03    9.62e-04      2.57e-01    2.77e-01    1.4e-06
  32400      4.73e-01    3.60e-01      1.90e-04    7.05e-03      3.05e-01    2.29e-01    1.4e-06
  32500      5.28e-01    4.77e-01      1.23e-03    5.18e-03      3.40e-01    3.06e-01    1.4e-06
  32600      5.12e-01    4.07e-01      6.87e-03    3.84e-04      3.28e-01    2.63e-01    1.4e-06
  32700      4.66e-01    4.23e-01      5.82e-03    2.47e-03      2.99e-01    2.72e-01    1.4e-06
  32800      4.43e-01    4.76e-01      6.68e-03    1.43e-03      2.84e-01    3.07e-01    1.4e-06
  32900      4.40e-01    3.38e-01      5.34e-03    8.97e-03      2.82e-01    2.13e-01    1.4e-06
  33000      4.10e-01    4.73e-01      5.11e-03    8.06e-03      2.79e-01    3.20e-01    1.1e-06
  33100      4.47e-01    5.07e-01      1.75e-03    5.97e-03      3.05e-01    3.45e-01    1.1e-06
  33200      4.79e-01    4.48e-01      8.05e-03    9.22e-04      3.24e-01    3.06e-01    1.1e-06
  33300      5.23e-01    4.10e-01      3.39e-04    3.61e-03      3.57e-01    2.79e-01    1.1e-06
  33400      3.67e-01    3.49e-01      4.66e-04    7.93e-04      2.50e-01    2.38e-01    1.1e-06
  33500      4.34e-01    3.05e-01      9.74e-04    1.06e-03      2.96e-01    2.08e-01    1.1e-06
  33600      2.80e-01    4.90e-01      1.24e-03    4.96e-03      1.91e-01    3.34e-01    1.1e-06
  33700      3.73e-01    4.07e-01      3.09e-03    1.44e-02      2.54e-01    2.67e-01    1.1e-06
  33800      4.62e-01    4.73e-01      4.55e-03    4.52e-03      3.14e-01    3.22e-01    1.1e-06
  33900      4.73e-01    4.45e-01      1.39e-03    1.04e-02      3.23e-01    2.99e-01    1.1e-06
  34000      4.22e-01    3.95e-01      7.56e-04    1.73e-02      3.04e-01    2.67e-01    9.3e-07
  34100      4.27e-01    3.75e-01      1.29e-02    4.51e-03      2.98e-01    2.68e-01    9.3e-07
  34200      4.22e-01    3.91e-01      6.51e-03    2.06e-03      3.02e-01    2.81e-01    9.3e-07
  34300      6.22e-01    4.16e-01      4.54e-05    3.33e-03      4.48e-01    2.99e-01    9.3e-07
  34400      4.79e-01    2.11e-01      2.93e-03    4.98e-03      3.44e-01    1.49e-01    9.3e-07
  34500      3.55e-01    3.90e-01      8.39e-04    1.26e-03      2.56e-01    2.80e-01    9.3e-07
  34600      4.38e-01    3.34e-01      1.18e-03    4.71e-03      3.15e-01    2.38e-01    9.3e-07
  34700      3.23e-01    4.07e-01      4.39e-03    1.25e-03      2.31e-01    2.93e-01    9.3e-07
  34800      3.87e-01    3.92e-01      6.23e-03    5.97e-03      2.76e-01    2.80e-01    9.3e-07
  34900      4.43e-01    3.76e-01      4.50e-03    5.97e-03      3.18e-01    2.68e-01    9.3e-07
  35000      3.01e-01    3.63e-01      1.02e-02    7.40e-04      2.19e-01    2.73e-01    7.6e-07
  35100      2.67e-01    3.67e-01      6.69e-03    3.52e-04      1.98e-01    2.77e-01    7.6e-07
  35200      3.46e-01    4.63e-01      2.61e-03    1.23e-02      2.60e-01    3.42e-01    7.6e-07
  35300      3.06e-01    3.85e-01      2.36e-03    1.17e-02      2.30e-01    2.82e-01    7.6e-07
  35400      6.19e-01    3.90e-01      3.84e-03    1.54e-03      4.66e-01    2.94e-01    7.6e-07
  35500      3.72e-01    2.23e-01      4.27e-03    2.46e-03      2.80e-01    1.68e-01    7.6e-07
  35600      4.46e-01    2.74e-01      1.33e-02    9.30e-03      3.27e-01    1.99e-01    7.6e-07
  35700      3.20e-01    2.44e-01      8.93e-03    5.88e-03      2.36e-01    1.80e-01    7.6e-07
  35800      3.99e-01    3.24e-01      1.48e-02    4.77e-03      2.88e-01    2.43e-01    7.6e-07
  35900      2.36e-01    3.59e-01      4.03e-03    1.97e-03      1.76e-01    2.70e-01    7.6e-07
  36000      2.95e-01    4.22e-01      7.41e-03    5.13e-04      2.28e-01    3.31e-01    6.2e-07
  36100      4.55e-01    3.57e-01      9.46e-03    8.88e-04      3.53e-01    2.81e-01    6.2e-07
  36200      3.00e-01    3.72e-01      7.27e-03    9.37e-03      2.31e-01    2.87e-01    6.2e-07
  36300      3.01e-01    4.21e-01      1.26e-03    2.57e-03      2.37e-01    3.31e-01    6.2e-07
  36400      4.11e-01    2.41e-01      2.51e-03    2.89e-03      3.23e-01    1.89e-01    6.2e-07
  36500      4.07e-01    3.92e-01      2.33e-03    2.90e-03      3.20e-01    3.07e-01    6.2e-07
  36600      3.12e-01    2.62e-01      1.21e-03    5.52e-03      2.45e-01    2.03e-01    6.2e-07
  36700      3.80e-01    3.59e-01      5.47e-03    4.14e-03      2.96e-01    2.81e-01    6.2e-07
  36800      4.27e-01    3.05e-01      5.35e-03    1.70e-03      3.34e-01    2.39e-01    6.2e-07
  36900      2.71e-01    2.84e-01      4.65e-03    2.53e-03      2.11e-01    2.22e-01    6.2e-07
  37000      3.40e-01    3.88e-01      9.04e-03    1.42e-03      2.71e-01    3.16e-01    5.1e-07
  37100      4.39e-01    2.14e-01      2.59e-02    3.12e-03      3.19e-01    1.73e-01    5.1e-07
  37200      2.97e-01    3.43e-01      6.95e-03    3.42e-03      2.38e-01    2.78e-01    5.1e-07
  37300      3.36e-01    3.59e-01      6.54e-03    3.89e-03      2.71e-01    2.91e-01    5.1e-07
  37400      3.66e-01    3.48e-01      9.76e-04    1.33e-03      2.98e-01    2.84e-01    5.1e-07
  37500      1.83e-01    3.43e-01      1.80e-03    2.20e-03      1.49e-01    2.79e-01    5.1e-07
  37600      3.20e-01    3.01e-01      1.57e-04    4.77e-03      2.61e-01    2.44e-01    5.1e-07
  37700      3.65e-01    3.77e-01      7.59e-03    3.14e-03      2.94e-01    3.06e-01    5.1e-07
  37800      3.82e-01    3.79e-01      6.76e-03    8.09e-03      3.08e-01    3.05e-01    5.1e-07
  37900      3.52e-01    3.64e-01      7.47e-03    1.84e-03      2.83e-01    2.96e-01    5.1e-07
  38000      3.16e-01    3.63e-01      7.65e-03    2.17e-04      2.61e-01    3.06e-01    4.1e-07
  38100      3.63e-01    3.65e-01      7.92e-04    1.12e-02      3.06e-01    2.99e-01    4.1e-07
  38200      3.74e-01    3.55e-01      8.18e-03    8.08e-03      3.10e-01    2.94e-01    4.1e-07
  38300      3.18e-01    3.65e-01      1.60e-03    3.28e-03      2.68e-01    3.06e-01    4.1e-07
  38400      3.77e-01    2.16e-01      3.64e-03    2.60e-03      3.17e-01    1.81e-01    4.1e-07
  38500      3.07e-01    3.64e-01      3.86e-03    9.35e-03      2.57e-01    3.00e-01    4.1e-07
  38600      2.84e-01    2.51e-01      3.58e-03    1.06e-02      2.38e-01    2.00e-01    4.1e-07
  38700      4.03e-01    3.35e-01      7.51e-03    3.49e-03      3.36e-01    2.81e-01    4.1e-07
  38800      3.74e-01    3.10e-01      1.85e-02    3.08e-03      2.91e-01    2.60e-01    4.1e-07
  38900      3.73e-01    4.05e-01      6.84e-04    7.52e-03      3.14e-01    3.37e-01    4.1e-07
  39000      1.59e-01    3.26e-01      6.15e-05    1.92e-03      1.37e-01    2.82e-01    3.4e-07
  39100      3.35e-01    3.09e-01      2.70e-03    3.84e-03      2.90e-01    2.66e-01    3.4e-07
  39200      3.44e-01    3.61e-01      1.72e-03    3.85e-03      2.98e-01    3.12e-01    3.4e-07
  39300      3.26e-01    3.13e-01      2.69e-03    5.42e-04      2.82e-01    2.71e-01    3.4e-07
  39400      3.67e-01    3.33e-01      4.63e-04    5.14e-03      3.17e-01    2.86e-01    3.4e-07
  39500      5.20e-01    3.04e-01      4.51e-03    3.11e-03      4.49e-01    2.62e-01    3.4e-07
  39600      3.17e-01    3.18e-01      2.10e-03    3.56e-04      2.74e-01    2.75e-01    3.4e-07
  39700      2.44e-01    3.05e-01      9.72e-03    1.53e-03      2.01e-01    2.63e-01    3.4e-07
  39800      4.24e-01    3.19e-01      1.72e-03    7.24e-04      3.67e-01    2.76e-01    3.4e-07
  39900      3.56e-01    3.54e-01      1.80e-03    5.25e-04      3.08e-01    3.07e-01    3.4e-07
  40000      4.10e-01    3.22e-01      2.42e-02    1.26e-03      3.23e-01    2.85e-01    2.7e-07
  40100      3.84e-01    2.91e-01      8.44e-04    3.03e-03      3.40e-01    2.57e-01    2.7e-07
  40200      3.17e-01    2.32e-01      1.12e-03    4.27e-03      2.81e-01    2.04e-01    2.7e-07
  40300      3.78e-01    3.51e-01      4.87e-03    8.81e-03      3.34e-01    3.05e-01    2.7e-07
  40400      2.98e-01    2.89e-01      4.31e-03    9.14e-03      2.63e-01    2.48e-01    2.7e-07
  40500      3.03e-01    2.77e-01      3.01e-03    1.10e-02      2.68e-01    2.34e-01    2.7e-07
  40600      2.03e-01    2.44e-01      9.86e-04    1.86e-03      1.79e-01    2.16e-01    2.7e-07
  40700      2.31e-01    3.30e-01      7.64e-03    3.75e-03      1.98e-01    2.91e-01    2.7e-07
  40800      3.44e-01    2.58e-01      7.02e-03    4.08e-03      3.01e-01    2.27e-01    2.7e-07
  40900      2.70e-01    2.91e-01      3.41e-03    2.35e-03      2.38e-01    2.57e-01    2.7e-07
  41000      3.04e-01    3.59e-01      1.72e-03    8.48e-03      2.74e-01    3.19e-01    2.2e-07
  41100      3.94e-01    2.28e-01      7.67e-03    2.78e-03      3.52e-01    2.05e-01    2.2e-07
  41200      3.81e-01    3.09e-01      1.41e-03    3.27e-03      3.44e-01    2.79e-01    2.2e-07
  41300      3.37e-01    2.72e-01      2.07e-03    7.17e-03      3.04e-01    2.41e-01    2.2e-07
  41400      2.86e-01    3.02e-01      4.28e-03    3.09e-03      2.57e-01    2.72e-01    2.2e-07
  41500      4.70e-01    3.58e-01      1.39e-03    5.22e-03      4.25e-01    3.22e-01    2.2e-07
  41600      3.78e-01    3.68e-01      1.44e-02    6.00e-03      3.27e-01    3.30e-01    2.2e-07
  41700      3.31e-01    3.32e-01      3.05e-03    1.08e-02      2.99e-01    2.91e-01    2.2e-07
  41800      3.10e-01    3.56e-01      9.91e-03    9.54e-04      2.72e-01    3.22e-01    2.2e-07
  41900      3.05e-01    2.44e-01      7.75e-03    4.16e-03      2.71e-01    2.18e-01    2.2e-07
  42000      2.77e-01    2.69e-01      1.24e-03    5.95e-03      2.54e-01    2.44e-01    1.8e-07
  42100      4.08e-01    3.60e-01      1.06e-02    4.55e-03      3.68e-01    3.30e-01    1.8e-07
  42200      2.91e-01    2.49e-01      8.39e-03    9.42e-03      2.61e-01    2.19e-01    1.8e-07
  42300      3.29e-01    2.72e-01      8.60e-03    4.68e-03      2.96e-01    2.48e-01    1.8e-07
  42400      3.01e-01    3.08e-01      4.82e-04    2.74e-04      2.77e-01    2.84e-01    1.8e-07
  42500      3.29e-01    3.09e-01      6.39e-03    1.23e-03      2.99e-01    2.84e-01    1.8e-07
  42600      2.29e-01    3.53e-01      9.02e-03    4.47e-03      2.01e-01    3.23e-01    1.8e-07
  42700      3.37e-01    2.65e-01      1.18e-02    8.63e-03      2.98e-01    2.36e-01    1.8e-07
  42800      2.08e-01    3.41e-01      2.52e-04    7.03e-03      1.91e-01    3.10e-01    1.8e-07
  42900      3.22e-01    3.16e-01      1.37e-03    8.56e-03      2.96e-01    2.85e-01    1.8e-07
  43000      3.37e-01    2.14e-01      7.26e-05    5.85e-03      3.14e-01    1.96e-01    1.5e-07
  43100      3.27e-01    2.01e-01      1.32e-03    2.12e-03      3.06e-01    1.87e-01    1.5e-07
  43200      2.79e-01    2.68e-01      1.35e-03    1.95e-03      2.60e-01    2.50e-01    1.5e-07
  43300      1.38e-01    3.30e-01      2.26e-03    9.70e-03      1.27e-01    3.00e-01    1.5e-07
  43400      1.41e-01    2.98e-01      5.92e-04    3.28e-03      1.32e-01    2.77e-01    1.5e-07
  43500      3.30e-01    2.93e-01      7.50e-04    3.49e-03      3.08e-01    2.72e-01    1.5e-07
  43600      3.39e-01    2.69e-01      1.80e-04    1.81e-03      3.16e-01    2.51e-01    1.5e-07
  43700      2.74e-01    2.62e-01      1.04e-03    1.23e-02      2.56e-01    2.28e-01    1.5e-07
  43800      4.83e-01    2.15e-01      5.66e-03    6.35e-03      4.49e-01    1.96e-01    1.5e-07
  43900      3.01e-01    3.45e-01      4.76e-03    1.26e-03      2.79e-01    3.22e-01    1.5e-07
  44000      3.36e-01    2.70e-01      1.35e-03    3.04e-04      3.17e-01    2.55e-01    1.2e-07
  44100      3.78e-01    2.99e-01      3.35e-04    1.65e-03      3.57e-01    2.82e-01    1.2e-07
  44200      2.97e-01    2.62e-01      6.85e-03    4.28e-03      2.76e-01    2.45e-01    1.2e-07
  44300      2.64e-01    3.28e-01      1.91e-03    6.10e-03      2.49e-01    3.07e-01    1.2e-07
  44400      3.39e-01    3.26e-01      1.81e-02    1.02e-02      2.91e-01    2.99e-01    1.2e-07
  44500      3.16e-01    3.64e-01      3.41e-03    1.01e-02      2.98e-01    3.36e-01    1.2e-07
  44600      2.42e-01    1.42e-01      9.14e-03    1.10e-04      2.19e-01    1.34e-01    1.2e-07
  44700      3.38e-01    2.01e-01      5.11e-03    3.21e-03      3.17e-01    1.89e-01    1.2e-07
  44800      2.57e-01    2.91e-01      5.97e-03    4.96e-03      2.38e-01    2.73e-01    1.2e-07
  44900      2.70e-01    2.85e-01      6.68e-04    1.66e-03      2.55e-01    2.69e-01    1.2e-07
  45000      3.39e-01    3.27e-01      2.66e-03    3.49e-03      3.23e-01    3.11e-01    9.8e-08
  45100      2.87e-01    3.51e-01      5.88e-03    7.65e-03      2.71e-01    3.31e-01    9.8e-08
  45200      3.30e-01    1.97e-01      7.52e-03    2.33e-03      3.10e-01    1.87e-01    9.8e-08
  45300      3.39e-01    2.19e-01      1.91e-05    3.67e-03      3.23e-01    2.08e-01    9.8e-08
  45400      3.85e-01    2.87e-01      2.47e-02    9.82e-03      3.19e-01    2.64e-01    9.8e-08
  45500      2.46e-01    3.43e-01      5.63e-03    8.95e-03      2.31e-01    3.20e-01    9.8e-08
  45600      2.45e-01    3.47e-01      7.33e-03    5.34e-04      2.28e-01    3.31e-01    9.8e-08
  45700      2.98e-01    2.87e-01      4.43e-03    8.48e-03      2.82e-01    2.67e-01    9.8e-08
  45800      2.58e-01    1.90e-01      2.43e-03    8.50e-04      2.46e-01    1.81e-01    9.8e-08
  45900      3.12e-01    2.88e-01      1.24e-03    7.04e-03      2.98e-01    2.70e-01    9.8e-08
  46000      3.02e-01    2.84e-01      3.87e-03    5.81e-03      2.89e-01    2.70e-01    8.0e-08
  46100      3.01e-01    2.42e-01      7.94e-03    5.95e-03      2.83e-01    2.29e-01    8.0e-08
  46200      3.81e-01    2.90e-01      1.30e-04    1.45e-04      3.67e-01    2.79e-01    8.0e-08
  46300      2.94e-01    2.53e-01      3.01e-03    6.91e-03      2.82e-01    2.38e-01    8.0e-08
  46400      2.91e-01    4.02e-01      6.53e-03    1.99e-03      2.76e-01    3.86e-01    8.0e-08
  46500      2.65e-01    2.58e-01      4.87e-03    7.35e-03      2.52e-01    2.42e-01    8.0e-08
  46600      1.85e-01    2.75e-01      3.75e-03    7.28e-03      1.76e-01    2.59e-01    8.0e-08
  46700      3.27e-01    2.86e-01      2.49e-03    1.21e-03      3.14e-01    2.75e-01    8.0e-08
  46800      2.47e-01    3.01e-01      2.45e-03    2.73e-03      2.37e-01    2.89e-01    8.0e-08
  46900      2.48e-01    3.36e-01      7.64e-03    9.36e-04      2.32e-01    3.23e-01    8.0e-08
  47000      3.43e-01    1.45e-01      6.84e-03    4.01e-03      3.29e-01    1.37e-01    6.5e-08
  47100      2.38e-01    2.84e-01      1.76e-04    8.82e-03      2.31e-01    2.67e-01    6.5e-08
  47200      3.13e-01    3.17e-01      7.79e-05    2.53e-03      3.04e-01    3.07e-01    6.5e-08
  47300      2.48e-01    2.78e-01      3.31e-03    1.58e-03      2.39e-01    2.70e-01    6.5e-08
  47400      2.38e-01    3.05e-01      1.06e-03    9.84e-03      2.30e-01    2.86e-01    6.5e-08
  47500      4.80e-01    3.63e-01      2.36e-03    7.27e-03      4.65e-01    3.47e-01    6.5e-08
  47600      3.30e-01    2.33e-01      1.09e-03    9.74e-03      3.19e-01    2.13e-01    6.5e-08
  47700      4.61e-01    2.93e-01      7.23e-04    1.04e-03      4.47e-01    2.84e-01    6.5e-08
  47800      2.84e-01    3.64e-01      5.91e-03    8.75e-05      2.72e-01    3.52e-01    6.5e-08
  47900      2.99e-01    2.43e-01      1.46e-03    3.12e-03      2.90e-01    2.35e-01    6.5e-08
  48000      2.96e-01    3.30e-01      7.49e-03    8.29e-03      2.83e-01    3.15e-01    5.3e-08
  48100      2.51e-01    3.57e-01      7.28e-03    1.10e-02      2.39e-01    3.38e-01    5.3e-08
  48200      2.20e-01    3.16e-01      5.17e-03    2.84e-03      2.11e-01    3.07e-01    5.3e-08
  48300      2.89e-01    3.53e-01      5.20e-03    9.86e-03      2.79e-01    3.36e-01    5.3e-08
  48400      3.49e-01    2.48e-01      7.27e-03    8.24e-03      3.36e-01    2.33e-01    5.3e-08
  48500      3.38e-01    2.35e-01      7.73e-03    4.22e-03      3.25e-01    2.27e-01    5.3e-08
  48600      2.46e-01    2.42e-01      6.50e-03    3.30e-03      2.35e-01    2.35e-01    5.3e-08
  48700      3.27e-01    3.14e-01      3.35e-03    8.33e-04      3.17e-01    3.06e-01    5.3e-08
  48800      2.57e-01    2.89e-01      1.96e-04    1.71e-03      2.50e-01    2.81e-01    5.3e-08
  48900      2.68e-01    3.15e-01      1.15e-04    1.59e-03      2.61e-01    3.06e-01    5.3e-08
  49000      3.18e-01    2.84e-01      5.97e-03    1.92e-03      3.08e-01    2.78e-01    4.3e-08
  49100      3.17e-01    2.93e-01      1.52e-02    3.39e-03      2.88e-01    2.86e-01    4.3e-08
  49200      3.12e-01    2.79e-01      8.03e-04    6.73e-03      3.05e-01    2.69e-01    4.3e-08
  49300      2.67e-01    2.43e-01      6.28e-03    5.39e-04      2.57e-01    2.38e-01    4.3e-08
  49400      3.28e-01    2.50e-01      1.71e-03    5.52e-03      3.21e-01    2.41e-01    4.3e-08
  49500      3.22e-01    2.88e-01      9.12e-04    8.66e-03      3.15e-01    2.74e-01    4.3e-08
  49600      3.30e-01    2.99e-01      1.18e-03    8.76e-03      3.23e-01    2.85e-01    4.3e-08
  49700      1.53e-01    2.82e-01      1.81e-03    9.88e-03      1.49e-01    2.66e-01    4.3e-08
  49800      3.05e-01    2.98e-01      7.46e-03    1.56e-02      2.94e-01    2.67e-01    4.3e-08
  49900      1.40e-01    2.56e-01      4.30e-04    4.01e-03      1.38e-01    2.48e-01    4.3e-08
  50000      2.82e-01    3.00e-01      3.45e-04    2.68e-03      2.77e-01    2.94e-01    3.5e-08
