#  step      rmse_val    rmse_trn    rmse_e_val  rmse_e_trn    rmse_f_val  rmse_f_trn         lr
# If there is no available reference data, rmse_*_{val,trn} will print nan
      0      2.16e+01    2.04e+01      1.11e-01    1.04e-01      6.84e-01    6.45e-01    1.0e-03
    100      1.62e+01    1.47e+01      9.66e-03    2.66e-03      5.11e-01    4.65e-01    1.0e-03
    200      1.17e+01    1.41e+01      5.21e-02    4.27e-02      3.72e-01    4.47e-01    1.0e-03
    300      1.07e+01    1.16e+01      1.43e-02    2.03e-02      3.38e-01    3.68e-01    1.0e-03
    400      1.06e+01    1.23e+01      7.45e-02    7.81e-02      3.35e-01    3.89e-01    1.0e-03
    500      1.11e+01    1.19e+01      6.18e-02    5.81e-02      3.50e-01    3.78e-01    1.0e-03
    600      9.87e+00    1.01e+01      1.82e-02    1.99e-02      3.12e-01    3.19e-01    1.0e-03
    700      9.75e+00    9.44e+00      1.07e-01    1.12e-01      3.08e-01    2.99e-01    1.0e-03
    800      8.85e+00    8.15e+00      5.70e-04    5.52e-03      2.80e-01    2.58e-01    1.0e-03
    900      8.90e+00    7.17e+00      5.71e-02    5.62e-02      2.81e-01    2.27e-01    1.0e-03
   1000      8.34e+00    7.13e+00      1.39e-01    1.43e-01      2.92e-01    2.49e-01    8.1e-04
   1100      6.76e+00    7.61e+00      2.69e-03    1.13e-03      2.37e-01    2.67e-01    8.1e-04
   1200      5.61e+00    6.39e+00      1.11e-02    7.63e-03      1.97e-01    2.24e-01    8.1e-04
   1300      5.86e+00    5.91e+00      4.44e-02    4.38e-02      2.05e-01    2.07e-01    8.1e-04
   1400      6.39e+00    7.22e+00      4.48e-02    3.89e-02      2.24e-01    2.53e-01    8.1e-04
   1500      6.39e+00    6.04e+00      5.70e-02    5.32e-02      2.24e-01    2.12e-01    8.1e-04
   1600      5.16e+00    6.29e+00      2.24e-02    2.39e-02      1.81e-01    2.20e-01    8.1e-04
   1700      6.30e+00    5.09e+00      4.47e-02    4.18e-02      2.21e-01    1.78e-01    8.1e-04
   1800      5.80e+00    5.87e+00      2.64e-02    2.39e-02      2.03e-01    2.06e-01    8.1e-04
   1900      6.10e+00    7.87e+00      9.58e-03    1.51e-02      2.14e-01    2.76e-01    8.1e-04
   2000      5.46e+00    5.21e+00      1.26e-03    3.92e-03      2.12e-01    2.02e-01    6.6e-04
   2100      5.15e+00    6.47e+00      6.80e-03    2.56e-03      2.00e-01    2.51e-01    6.6e-04
   2200      6.09e+00    5.56e+00      1.43e-02    1.66e-02      2.37e-01    2.16e-01    6.6e-04
   2300      5.19e+00    3.70e+00      1.31e-03    4.74e-04      2.02e-01    1.43e-01    6.6e-04
   2400      5.07e+00    4.34e+00      3.74e-02    3.22e-02      1.97e-01    1.68e-01    6.6e-04
   2500      5.59e+00    5.71e+00      1.45e-02    2.20e-02      2.17e-01    2.22e-01    6.6e-04
   2600      4.26e+00    5.29e+00      4.34e-03    6.34e-03      1.65e-01    2.05e-01    6.6e-04
   2700      4.54e+00    5.75e+00      2.07e-02    2.45e-02      1.76e-01    2.23e-01    6.6e-04
   2800      4.76e+00    4.34e+00      7.67e-03    3.51e-03      1.85e-01    1.68e-01    6.6e-04
   2900      4.98e+00    4.77e+00      1.85e-02    2.42e-02      1.93e-01    1.85e-01    6.6e-04
   3000      5.06e+00    4.01e+00      2.16e-02    1.83e-02      2.18e-01    1.72e-01    5.4e-04
   3100      3.32e+00    4.22e+00      2.97e-02    3.51e-02      1.43e-01    1.81e-01    5.4e-04
   3200      5.81e+00    5.08e+00      7.88e-03    3.07e-03      2.50e-01    2.18e-01    5.4e-04
   3300      3.64e+00    3.72e+00      1.62e-02    1.58e-02      1.56e-01    1.60e-01    5.4e-04
   3400      4.15e+00    5.38e+00      6.23e-03    3.54e-03      1.79e-01    2.31e-01    5.4e-04
   3500      3.51e+00    4.52e+00      1.42e-03    6.89e-03      1.51e-01    1.94e-01    5.4e-04
   3600      3.88e+00    4.26e+00      3.04e-03    1.88e-03      1.67e-01    1.83e-01    5.4e-04
   3700      3.46e+00    3.13e+00      1.97e-02    1.50e-02      1.49e-01    1.34e-01    5.4e-04
   3800      3.54e+00    4.41e+00      2.20e-02    2.33e-02      1.52e-01    1.90e-01    5.4e-04
   3900      5.73e+00    4.31e+00      2.69e-03    8.32e-03      2.47e-01    1.85e-01    5.4e-04
   4000      3.85e+00    4.07e+00      2.21e-02    2.04e-02      1.83e-01    1.94e-01    4.4e-04
   4100      3.55e+00    3.40e+00      9.39e-03    1.39e-02      1.69e-01    1.62e-01    4.4e-04
   4200      3.62e+00    3.93e+00      7.33e-03    9.02e-03      1.72e-01    1.87e-01    4.4e-04
   4300      3.44e+00    2.79e+00      2.90e-02    2.32e-02      1.64e-01    1.33e-01    4.4e-04
   4400      3.68e+00    2.73e+00      1.23e-02    9.96e-03      1.75e-01    1.30e-01    4.4e-04
   4500      3.55e+00    4.24e+00      5.15e-03    4.83e-03      1.69e-01    2.02e-01    4.4e-04
   4600      3.46e+00    3.79e+00      9.75e-03    9.46e-04      1.65e-01    1.81e-01    4.4e-04
   4700      3.49e+00    3.46e+00      9.92e-03    9.64e-03      1.66e-01    1.65e-01    4.4e-04
   4800      3.60e+00    4.01e+00      1.36e-02    1.14e-02      1.71e-01    1.91e-01    4.4e-04
   4900      2.26e+00    3.72e+00      7.34e-03    9.94e-03      1.08e-01    1.77e-01    4.4e-04
   5000      3.73e+00    2.53e+00      1.64e-02    1.42e-02      1.97e-01    1.33e-01    3.6e-04
   5100      3.18e+00    3.39e+00      1.20e-03    1.80e-03      1.68e-01    1.79e-01    3.6e-04
   5200      2.63e+00    2.59e+00      1.46e-02    1.97e-02      1.39e-01    1.36e-01    3.6e-04
   5300      2.93e+00    2.79e+00      1.09e-02    9.52e-03      1.55e-01    1.47e-01    3.6e-04
   5400      2.57e+00    2.82e+00      5.34e-03    4.69e-03      1.36e-01    1.49e-01    3.6e-04
   5500      3.11e+00    3.77e+00      9.17e-03    4.52e-04      1.64e-01    1.99e-01    3.6e-04
   5600      3.36e+00    3.14e+00      1.21e-02    1.17e-02      1.77e-01    1.66e-01    3.6e-04
   5700      3.93e+00    2.88e+00      2.95e-02    2.91e-02      2.07e-01    1.52e-01    3.6e-04
   5800      2.78e+00    3.34e+00      1.15e-02    1.19e-02      1.47e-01    1.76e-01    3.6e-04
   5900      3.12e+00    2.99e+00      8.54e-03    7.42e-03      1.64e-01    1.58e-01    3.6e-04
   6000      2.18e+00    2.36e+00      2.20e-02    2.00e-02      1.27e-01    1.37e-01    2.9e-04
   6100      3.38e+00    3.32e+00      1.20e-02    1.58e-02      1.98e-01    1.94e-01    2.9e-04
   6200      2.84e+00    2.80e+00      1.13e-02    1.40e-02      1.66e-01    1.63e-01    2.9e-04
   6300      2.86e+00    3.08e+00      1.89e-02    1.69e-02      1.67e-01    1.80e-01    2.9e-04
   6400      2.29e+00    2.30e+00      2.26e-02    1.63e-02      1.34e-01    1.34e-01    2.9e-04
   6500      2.43e+00    2.97e+00      4.42e-04    4.03e-03      1.42e-01    1.73e-01    2.9e-04
   6600      2.76e+00    2.44e+00      5.49e-03    6.67e-03      1.61e-01    1.42e-01    2.9e-04
   6700      3.10e+00    2.83e+00      1.64e-02    2.22e-02      1.81e-01    1.65e-01    2.9e-04
   6800      3.24e+00    2.88e+00      1.46e-02    1.51e-02      1.89e-01    1.68e-01    2.9e-04
   6900      2.58e+00    2.63e+00      1.19e-02    1.12e-02      1.51e-01    1.53e-01    2.9e-04
   7000      2.14e+00    2.79e+00      1.74e-02    1.42e-02      1.38e-01    1.81e-01    2.4e-04
   7100      2.34e+00    1.98e+00      1.42e-03    8.08e-04      1.52e-01    1.28e-01    2.4e-04
   7200      2.67e+00    2.01e+00      2.17e-02    2.32e-02      1.73e-01    1.29e-01    2.4e-04
   7300      2.61e+00    2.82e+00      9.65e-03    7.22e-03      1.69e-01    1.83e-01    2.4e-04
   7400      2.98e+00    2.63e+00      1.70e-02    1.81e-02      1.93e-01    1.70e-01    2.4e-04
   7500      2.94e+00    2.80e+00      1.18e-03    3.50e-03      1.90e-01    1.81e-01    2.4e-04
   7600      2.40e+00    1.80e+00      2.88e-03    3.52e-03      1.55e-01    1.16e-01    2.4e-04
   7700      2.04e+00    2.33e+00      3.58e-03    4.16e-03      1.32e-01    1.51e-01    2.4e-04
   7800      2.76e+00    2.65e+00      2.98e-03    7.90e-04      1.79e-01    1.72e-01    2.4e-04
   7900      2.66e+00    2.32e+00      1.03e-02    1.52e-02      1.72e-01    1.50e-01    2.4e-04
   8000      1.81e+00    2.15e+00      9.68e-04    1.80e-03      1.30e-01    1.54e-01    1.9e-04
   8100      2.17e+00    2.22e+00      1.03e-02    1.08e-02      1.56e-01    1.59e-01    1.9e-04
   8200      1.99e+00    2.46e+00      8.97e-03    4.20e-03      1.42e-01    1.76e-01    1.9e-04
   8300      2.52e+00    2.23e+00      2.67e-02    2.08e-02      1.80e-01    1.60e-01    1.9e-04
   8400      1.59e+00    2.41e+00      1.90e-03    2.96e-03      1.14e-01    1.73e-01    1.9e-04
   8500      1.92e+00    2.36e+00      1.97e-02    2.13e-02      1.37e-01    1.69e-01    1.9e-04
   8600      1.96e+00    2.16e+00      1.01e-02    7.95e-03      1.41e-01    1.55e-01    1.9e-04
   8700      2.01e+00    2.19e+00      3.04e-03    1.17e-03      1.44e-01    1.57e-01    1.9e-04
   8800      3.06e+00    2.20e+00      2.94e-02    2.64e-02      2.19e-01    1.57e-01    1.9e-04
   8900      2.84e+00    3.04e+00      1.49e-02    1.67e-02      2.03e-01    2.18e-01    1.9e-04
   9000      1.68e+00    1.69e+00      7.40e-03    6.65e-03      1.34e-01    1.34e-01    1.6e-04
   9100      2.15e+00    2.45e+00      2.13e-04    7.77e-03      1.71e-01    1.94e-01    1.6e-04
   9200      1.61e+00    2.35e+00      5.21e-03    9.04e-03      1.28e-01    1.87e-01    1.6e-04
   9300      2.00e+00    1.80e+00      1.10e-02    7.61e-03      1.59e-01    1.43e-01    1.6e-04
   9400      1.88e+00    2.00e+00      1.39e-02    1.83e-02      1.49e-01    1.59e-01    1.6e-04
   9500      1.73e+00    1.84e+00      1.37e-02    8.81e-03      1.37e-01    1.46e-01    1.6e-04
   9600      1.62e+00    2.35e+00      2.08e-02    2.31e-02      1.28e-01    1.86e-01    1.6e-04
   9700      1.78e+00    1.62e+00      1.51e-03    3.02e-03      1.42e-01    1.29e-01    1.6e-04
   9800      1.36e+00    1.76e+00      7.00e-03    1.43e-02      1.08e-01    1.39e-01    1.6e-04
   9900      1.80e+00    1.70e+00      4.10e-03    5.27e-05      1.43e-01    1.35e-01    1.6e-04
  10000      1.70e+00    1.37e+00      1.88e-02    1.87e-02      1.49e-01    1.20e-01    1.3e-04
  10100      1.72e+00    1.64e+00      1.33e-03    2.75e-04      1.51e-01    1.44e-01    1.3e-04
  10200      1.72e+00    1.44e+00      1.14e-02    1.43e-02      1.51e-01    1.27e-01    1.3e-04
  10300      1.69e+00    1.63e+00      5.68e-03    3.75e-03      1.48e-01    1.43e-01    1.3e-04
  10400      1.66e+00    1.44e+00      6.52e-03    3.07e-03      1.46e-01    1.27e-01    1.3e-04
  10500      1.83e+00    1.65e+00      7.88e-03    3.43e-03      1.61e-01    1.45e-01    1.3e-04
  10600      1.68e+00    1.83e+00      6.42e-03    2.79e-03      1.48e-01    1.61e-01    1.3e-04
  10700      2.00e+00    1.25e+00      6.69e-03    4.94e-03      1.76e-01    1.10e-01    1.3e-04
  10800      1.54e+00    2.05e+00      4.20e-03    2.98e-03      1.35e-01    1.80e-01    1.3e-04
  10900      1.77e+00    1.77e+00      3.88e-03    7.19e-04      1.55e-01    1.56e-01    1.3e-04
  11000      1.46e+00    1.36e+00      2.47e-03    2.97e-03      1.42e-01    1.33e-01    1.0e-04
  11100      1.26e+00    1.50e+00      2.56e-03    6.19e-03      1.23e-01    1.46e-01    1.0e-04
  11200      1.45e+00    2.02e+00      2.20e-03    6.72e-04      1.41e-01    1.96e-01    1.0e-04
  11300      1.47e+00    1.26e+00      1.30e-03    1.72e-03      1.43e-01    1.22e-01    1.0e-04
  11400      1.46e+00    2.28e+00      2.31e-03    4.82e-03      1.42e-01    2.22e-01    1.0e-04
  11500      1.53e+00    1.67e+00      6.63e-03    9.20e-03      1.48e-01    1.62e-01    1.0e-04
  11600      1.36e+00    1.55e+00      4.89e-03    2.97e-03      1.32e-01    1.50e-01    1.0e-04
  11700      1.54e+00    1.15e+00      1.37e-03    6.58e-03      1.50e-01    1.12e-01    1.0e-04
  11800      1.60e+00    1.75e+00      6.22e-03    1.56e-03      1.56e-01    1.70e-01    1.0e-04
  11900      1.70e+00    1.65e+00      7.95e-03    1.55e-02      1.65e-01    1.61e-01    1.0e-04
  12000      1.85e+00    1.62e+00      3.38e-03    6.75e-04      2.00e-01    1.74e-01    8.5e-05
  12100      1.27e+00    1.40e+00      1.88e-03    4.20e-03      1.36e-01    1.50e-01    8.5e-05
  12200      1.28e+00    1.65e+00      3.98e-03    1.27e-03      1.37e-01    1.78e-01    8.5e-05
  12300      1.04e+00    1.23e+00      3.82e-03    3.17e-03      1.12e-01    1.33e-01    8.5e-05
  12400      1.64e+00    1.55e+00      1.62e-03    1.19e-03      1.77e-01    1.67e-01    8.5e-05
  12500      1.68e+00    1.40e+00      7.37e-03    1.12e-03      1.80e-01    1.50e-01    8.5e-05
  12600      9.94e-01    1.47e+00      8.12e-04    3.23e-03      1.07e-01    1.58e-01    8.5e-05
  12700      1.15e+00    1.29e+00      4.41e-04    4.12e-04      1.24e-01    1.39e-01    8.5e-05
  12800      1.29e+00    1.45e+00      1.85e-03    3.19e-03      1.39e-01    1.56e-01    8.5e-05
  12900      1.59e+00    1.37e+00      1.10e-02    1.11e-02      1.71e-01    1.47e-01    8.5e-05
  13000      1.21e+00    1.45e+00      1.39e-03    3.76e-05      1.44e-01    1.73e-01    6.9e-05
  13100      9.16e-01    1.19e+00      1.75e-03    3.29e-03      1.09e-01    1.42e-01    6.9e-05
  13200      1.25e+00    1.23e+00      2.85e-03    4.49e-03      1.49e-01    1.46e-01    6.9e-05
  13300      1.22e+00    1.29e+00      1.07e-02    7.64e-03      1.46e-01    1.54e-01    6.9e-05
  13400      1.30e+00    1.30e+00      1.00e-02    4.06e-03      1.54e-01    1.55e-01    6.9e-05
  13500      9.98e-01    1.34e+00      4.18e-03    1.69e-03      1.19e-01    1.60e-01    6.9e-05
  13600      1.06e+00    1.08e+00      3.78e-03    3.42e-03      1.26e-01    1.29e-01    6.9e-05
  13700      1.19e+00    1.22e+00      8.08e-03    8.35e-03      1.41e-01    1.45e-01    6.9e-05
  13800      9.39e-01    1.32e+00      1.73e-03    2.67e-03      1.12e-01    1.57e-01    6.9e-05
  13900      1.13e+00    1.28e+00      5.02e-03    2.20e-03      1.35e-01    1.52e-01    6.9e-05
  14000      1.01e+00    9.88e-01      1.03e-02    4.80e-03      1.33e-01    1.30e-01    5.7e-05
  14100      8.96e-01    1.22e+00      5.33e-04    8.41e-04      1.18e-01    1.61e-01    5.7e-05
  14200      9.41e-01    1.09e+00      7.34e-03    5.69e-03      1.24e-01    1.44e-01    5.7e-05
  14300      1.29e+00    1.10e+00      5.17e-03    6.56e-04      1.70e-01    1.45e-01    5.7e-05
  14400      1.12e+00    1.34e+00      1.07e-04    4.73e-03      1.48e-01    1.77e-01    5.7e-05
  14500      1.19e+00    1.22e+00      1.51e-03    3.39e-03      1.57e-01    1.61e-01    5.7e-05
  14600      1.29e+00    1.40e+00      3.14e-03    1.55e-04      1.70e-01    1.85e-01    5.7e-05
  14700      1.26e+00    1.07e+00      1.55e-03    9.35e-04      1.66e-01    1.41e-01    5.7e-05
  14800      9.34e-01    1.15e+00      5.39e-03    4.11e-03      1.23e-01    1.51e-01    5.7e-05
  14900      1.00e+00    1.11e+00      1.44e-03    6.61e-04      1.32e-01    1.47e-01    5.7e-05
  15000      8.48e-01    9.31e-01      2.70e-03    2.85e-03      1.24e-01    1.36e-01    4.6e-05
  15100      9.42e-01    9.53e-01      5.78e-03    4.23e-03      1.37e-01    1.39e-01    4.6e-05
  15200      1.12e+00    9.06e-01      1.07e-02    9.34e-03      1.63e-01    1.32e-01    4.6e-05
  15300      1.11e+00    9.46e-01      2.25e-03    2.80e-03      1.61e-01    1.38e-01    4.6e-05
  15400      8.63e-01    1.18e+00      3.06e-03    3.90e-03      1.26e-01    1.72e-01    4.6e-05
  15500      1.30e+00    7.34e-01      2.39e-03    2.25e-03      1.89e-01    1.07e-01    4.6e-05
  15600      1.09e+00    8.69e-01      4.59e-03    9.66e-04      1.59e-01    1.27e-01    4.6e-05
  15700      1.21e+00    1.03e+00      1.79e-03    1.63e-04      1.77e-01    1.50e-01    4.6e-05
  15800      1.27e+00    1.04e+00      7.18e-03    2.64e-03      1.85e-01    1.52e-01    4.6e-05
  15900      8.22e-01    9.64e-01      2.61e-03    2.17e-04      1.20e-01    1.40e-01    4.6e-05
  16000      8.71e-01    9.28e-01      2.79e-03    5.66e-03      1.40e-01    1.49e-01    3.8e-05
  16100      1.00e+00    8.56e-01      1.62e-03    7.82e-05      1.62e-01    1.38e-01    3.8e-05
  16200      8.57e-01    1.02e+00      1.12e-04    1.05e-03      1.38e-01    1.64e-01    3.8e-05
  16300      8.46e-01    8.82e-01      1.07e-03    2.26e-03      1.36e-01    1.42e-01    3.8e-05
  16400      1.09e+00    9.81e-01      1.23e-03    4.61e-03      1.76e-01    1.58e-01    3.8e-05
  16500      6.84e-01    9.29e-01      4.34e-03    2.42e-03      1.10e-01    1.50e-01    3.8e-05
  16600      8.05e-01    9.08e-01      3.83e-03    3.67e-03      1.30e-01    1.46e-01    3.8e-05
  16700      1.03e+00    7.87e-01      2.73e-03    2.44e-03      1.66e-01    1.27e-01    3.8e-05
  16800      9.69e-01    1.01e+00      1.07e-03    3.92e-06      1.56e-01    1.62e-01    3.8e-05
  16900      8.51e-01    9.28e-01      3.68e-03    2.09e-03      1.37e-01    1.49e-01    3.8e-05
  17000      9.54e-01    7.25e-01      3.62e-03    1.76e-04      1.70e-01    1.29e-01    3.1e-05
  17100      5.26e-01    8.58e-01      2.31e-03    7.19e-04      9.35e-02    1.53e-01    3.1e-05
  17200      9.37e-01    8.39e-01      3.10e-04    5.32e-05      1.67e-01    1.49e-01    3.1e-05
  17300      6.52e-01    9.56e-01      7.34e-04    3.62e-03      1.16e-01    1.70e-01    3.1e-05
  17400      6.64e-01    6.17e-01      7.66e-03    7.71e-03      1.18e-01    1.09e-01    3.1e-05
  17500      7.21e-01    9.16e-01      4.50e-03    6.96e-04      1.28e-01    1.63e-01    3.1e-05
  17600      8.92e-01    7.05e-01      2.10e-03    7.07e-04      1.59e-01    1.26e-01    3.1e-05
  17700      6.57e-01    7.45e-01      2.74e-03    3.20e-03      1.17e-01    1.33e-01    3.1e-05
  17800      6.92e-01    7.41e-01      2.27e-03    4.56e-03      1.23e-01    1.32e-01    3.1e-05
  17900      1.08e+00    9.63e-01      1.05e-03    3.15e-03      1.92e-01    1.71e-01    3.1e-05
  18000      6.05e-01    1.04e+00      6.18e-03    2.49e-03      1.19e-01    2.05e-01    2.5e-05
  18100      6.94e-01    7.54e-01      2.29e-05    1.37e-04      1.36e-01    1.48e-01    2.5e-05
  18200      6.24e-01    6.68e-01      1.15e-03    3.87e-03      1.23e-01    1.31e-01    2.5e-05
  18300      6.65e-01    8.04e-01      4.44e-05    2.66e-05      1.31e-01    1.58e-01    2.5e-05
  18400      6.28e-01    6.36e-01      5.41e-04    8.72e-04      1.23e-01    1.25e-01    2.5e-05
  18500      7.18e-01    7.34e-01      5.22e-03    1.87e-03      1.41e-01    1.44e-01    2.5e-05
  18600      7.53e-01    9.85e-01      2.42e-03    3.15e-04      1.48e-01    1.94e-01    2.5e-05
  18700      7.18e-01    8.27e-01      3.72e-04    2.65e-03      1.41e-01    1.62e-01    2.5e-05
  18800      7.67e-01    7.08e-01      1.48e-03    9.70e-04      1.51e-01    1.39e-01    2.5e-05
  18900      7.48e-01    7.31e-01      9.68e-04    3.06e-03      1.47e-01    1.44e-01    2.5e-05
  19000      6.30e-01    6.35e-01      8.20e-04    5.72e-03      1.37e-01    1.37e-01    2.0e-05
  19100      6.58e-01    6.54e-01      1.64e-03    3.29e-05      1.43e-01    1.42e-01    2.0e-05
  19200      6.57e-01    5.63e-01      5.11e-03    2.95e-03      1.42e-01    1.22e-01    2.0e-05
  19300      7.56e-01    8.52e-01      4.16e-03    4.39e-03      1.64e-01    1.85e-01    2.0e-05
  19400      5.39e-01    7.60e-01      6.80e-04    1.12e-03      1.17e-01    1.65e-01    2.0e-05
  19500      9.06e-01    6.52e-01      2.04e-03    1.12e-03      1.97e-01    1.41e-01    2.0e-05
  19600      6.21e-01    6.57e-01      7.95e-03    2.78e-05      1.34e-01    1.42e-01    2.0e-05
  19700      5.72e-01    6.71e-01      2.46e-04    3.89e-04      1.24e-01    1.46e-01    2.0e-05
  19800      6.18e-01    6.32e-01      2.85e-03    3.47e-03      1.34e-01    1.37e-01    2.0e-05
  19900      7.16e-01    6.47e-01      4.28e-03    1.37e-03      1.55e-01    1.40e-01    2.0e-05
  20000      5.61e-01    6.74e-01      1.25e-04    4.92e-03      1.34e-01    1.61e-01    1.7e-05
  20100      4.87e-01    4.71e-01      1.29e-03    2.33e-03      1.16e-01    1.12e-01    1.7e-05
  20200      6.60e-01    5.59e-01      1.94e-03    1.05e-03      1.58e-01    1.34e-01    1.7e-05
  20300      5.68e-01    6.76e-01      2.02e-03    2.15e-03      1.36e-01    1.62e-01    1.7e-05
  20400      5.55e-01    5.28e-01      5.64e-03    2.41e-03      1.32e-01    1.26e-01    1.7e-05
  20500      5.91e-01    6.11e-01      1.12e-03    1.44e-03      1.41e-01    1.46e-01    1.7e-05
  20600      8.13e-01    6.22e-01      1.27e-03    1.45e-03      1.94e-01    1.49e-01    1.7e-05
  20700      5.90e-01    6.09e-01      5.96e-03    6.18e-04      1.41e-01    1.45e-01    1.7e-05
  20800      4.81e-01    5.56e-01      3.94e-03    2.20e-03      1.15e-01    1.33e-01    1.7e-05
  20900      6.33e-01    6.01e-01      2.15e-03    7.15e-03      1.51e-01    1.43e-01    1.7e-05
  21000      5.22e-01    6.24e-01      2.99e-03    6.81e-04      1.37e-01    1.64e-01    1.3e-05
  21100      4.34e-01    4.37e-01      1.22e-03    5.32e-04      1.14e-01    1.15e-01    1.3e-05
  21200      5.80e-01    5.44e-01      6.00e-03    2.26e-03      1.52e-01    1.43e-01    1.3e-05
  21300      5.19e-01    6.66e-01      4.91e-03    2.51e-03      1.36e-01    1.75e-01    1.3e-05
  21400      4.48e-01    4.95e-01      1.85e-03    3.26e-03      1.18e-01    1.30e-01    1.3e-05
  21500      5.38e-01    6.12e-01      1.84e-03    1.40e-04      1.41e-01    1.61e-01    1.3e-05
  21600      4.67e-01    5.01e-01      2.64e-03    2.85e-03      1.23e-01    1.32e-01    1.3e-05
  21700      5.15e-01    3.95e-01      8.97e-04    5.52e-04      1.36e-01    1.04e-01    1.3e-05
  21800      5.85e-01    5.21e-01      1.02e-04    8.60e-04      1.54e-01    1.37e-01    1.3e-05
  21900      3.68e-01    4.98e-01      4.00e-03    3.52e-03      9.64e-02    1.31e-01    1.3e-05
  22000      4.10e-01    5.22e-01      1.87e-03    4.11e-03      1.18e-01    1.51e-01    1.1e-05
  22100      4.74e-01    4.02e-01      3.56e-03    7.02e-03      1.37e-01    1.15e-01    1.1e-05
  22200      4.35e-01    5.89e-01      1.80e-03    2.70e-03      1.26e-01    1.70e-01    1.1e-05
  22300      4.95e-01    4.99e-01      2.28e-03    7.81e-05      1.43e-01    1.44e-01    1.1e-05
  22400      4.72e-01    3.98e-01      3.04e-03    1.92e-03      1.36e-01    1.15e-01    1.1e-05
  22500      5.61e-01    3.59e-01      5.47e-03    4.77e-03      1.62e-01    1.03e-01    1.1e-05
  22600      4.04e-01    6.63e-01      1.44e-03    1.99e-03      1.17e-01    1.92e-01    1.1e-05
  22700      4.34e-01    5.59e-01      5.91e-03    2.03e-03      1.25e-01    1.62e-01    1.1e-05
  22800      6.03e-01    6.21e-01      1.01e-03    1.19e-03      1.75e-01    1.80e-01    1.1e-05
  22900      5.11e-01    4.76e-01      4.84e-03    2.41e-04      1.47e-01    1.38e-01    1.1e-05
  23000      5.16e-01    3.88e-01      2.86e-03    5.80e-03      1.64e-01    1.22e-01    8.9e-06
  23100      4.96e-01    5.25e-01      3.30e-03    3.63e-03      1.57e-01    1.66e-01    8.9e-06
  23200      4.38e-01    4.81e-01      1.69e-03    3.38e-03      1.39e-01    1.52e-01    8.9e-06
  23300      4.15e-01    3.84e-01      2.29e-03    2.65e-03      1.32e-01    1.22e-01    8.9e-06
  23400      6.23e-01    4.62e-01      2.37e-03    1.17e-03      1.98e-01    1.47e-01    8.9e-06
  23500      3.40e-01    3.45e-01      3.42e-03    3.16e-03      1.07e-01    1.09e-01    8.9e-06
  23600      4.40e-01    4.43e-01      9.06e-04    1.30e-03      1.40e-01    1.41e-01    8.9e-06
  23700      4.42e-01    4.28e-01      4.06e-03    9.85e-04      1.40e-01    1.36e-01    8.9e-06
  23800      5.02e-01    4.06e-01      7.33e-04    8.22e-04      1.59e-01    1.29e-01    8.9e-06
  23900      5.57e-01    4.14e-01      1.33e-03    6.04e-04      1.77e-01    1.31e-01    8.9e-06
  24000      3.91e-01    3.96e-01      7.32e-04    2.68e-03      1.36e-01    1.38e-01    7.3e-06
  24100      3.69e-01    4.00e-01      2.73e-03    3.95e-03      1.28e-01    1.39e-01    7.3e-06
  24200      3.20e-01    3.75e-01      5.52e-03    2.81e-03      1.10e-01    1.30e-01    7.3e-06
  24300      4.75e-01    4.29e-01      2.33e-03    4.66e-03      1.65e-01    1.49e-01    7.3e-06
  24400      3.86e-01    4.25e-01      1.38e-03    1.76e-03      1.34e-01    1.48e-01    7.3e-06
  24500      3.35e-01    4.70e-01      4.96e-04    1.59e-03      1.17e-01    1.63e-01    7.3e-06
  24600      3.13e-01    4.19e-01      3.99e-04    3.90e-03      1.09e-01    1.46e-01    7.3e-06
  24700      4.44e-01    4.41e-01      1.65e-03    5.11e-03      1.54e-01    1.53e-01    7.3e-06
  24800      3.76e-01    3.93e-01      3.54e-04    2.56e-03      1.31e-01    1.37e-01    7.3e-06
  24900      5.44e-01    4.14e-01      1.52e-03    1.75e-03      1.89e-01    1.44e-01    7.3e-06
  25000      3.43e-01    3.99e-01      7.29e-04    4.43e-04      1.30e-01    1.52e-01    5.9e-06
  25100      3.13e-01    4.24e-01      2.32e-03    5.49e-05      1.19e-01    1.61e-01    5.9e-06
  25200      3.51e-01    3.48e-01      5.06e-03    1.10e-03      1.33e-01    1.32e-01    5.9e-06
  25300      3.53e-01    3.25e-01      2.05e-03    5.01e-03      1.34e-01    1.23e-01    5.9e-06
  25400      3.29e-01    3.57e-01      3.88e-04    4.37e-05      1.25e-01    1.36e-01    5.9e-06
  25500      4.49e-01    2.90e-01      1.63e-03    3.01e-05      1.70e-01    1.10e-01    5.9e-06
  25600      4.46e-01    3.84e-01      2.20e-03    3.01e-05      1.70e-01    1.46e-01    5.9e-06
  25700      4.61e-01    3.25e-01      1.11e-04    1.57e-04      1.75e-01    1.24e-01    5.9e-06
  25800      4.16e-01    4.18e-01      5.60e-04    4.63e-03      1.58e-01    1.58e-01    5.9e-06
  25900      3.80e-01    4.21e-01      4.22e-03    2.87e-05      1.44e-01    1.60e-01    5.9e-06
  26000      2.78e-01    2.98e-01      5.12e-04    6.78e-04      1.15e-01    1.23e-01    4.8e-06
  26100      4.03e-01    3.77e-01      2.72e-03    2.95e-03      1.67e-01    1.56e-01    4.8e-06
  26200      2.88e-01    3.57e-01      8.90e-04    8.27e-04      1.19e-01    1.48e-01    4.8e-06
  26300      3.79e-01    2.63e-01      2.61e-03    5.86e-03      1.57e-01    1.07e-01    4.8e-06
  26400      2.99e-01    3.88e-01      3.88e-03    2.91e-03      1.23e-01    1.61e-01    4.8e-06
  26500      3.61e-01    3.20e-01      2.54e-04    1.09e-03      1.50e-01    1.32e-01    4.8e-06
  26600      3.14e-01    3.39e-01      1.35e-03    1.59e-03      1.30e-01    1.40e-01    4.8e-06
  26700      3.93e-01    3.28e-01      2.12e-03    2.12e-04      1.63e-01    1.36e-01    4.8e-06
  26800      2.97e-01    3.66e-01      2.00e-03    9.52e-05      1.23e-01    1.52e-01    4.8e-06
  26900      2.58e-01    3.91e-01      1.69e-03    7.49e-04      1.07e-01    1.62e-01    4.8e-06
  27000      2.80e-01    2.92e-01      4.39e-03    3.81e-03      1.25e-01    1.31e-01    3.9e-06
  27100      3.23e-01    2.90e-01      1.85e-03    7.13e-03      1.46e-01    1.28e-01    3.9e-06
  27200      3.57e-01    2.80e-01      2.30e-03    1.21e-03      1.61e-01    1.26e-01    3.9e-06
  27300      3.08e-01    3.75e-01      2.36e-03    2.59e-03      1.39e-01    1.69e-01    3.9e-06
  27400      3.65e-01    3.16e-01      3.08e-03    1.91e-04      1.64e-01    1.42e-01    3.9e-06
  27500      2.91e-01    3.69e-01      1.90e-03    1.26e-03      1.31e-01    1.66e-01    3.9e-06
  27600      4.08e-01    3.24e-01      2.99e-03    2.02e-03      1.83e-01    1.46e-01    3.9e-06
  27700      3.89e-01    2.88e-01      2.60e-04    5.71e-04      1.75e-01    1.30e-01    3.9e-06
  27800      2.38e-01    3.59e-01      2.00e-03    9.77e-04      1.07e-01    1.62e-01    3.9e-06
  27900      3.24e-01    2.34e-01      4.41e-03    9.99e-04      1.45e-01    1.05e-01    3.9e-06
  28000      2.84e-01    2.31e-01      9.65e-04    3.83e-03      1.38e-01    1.12e-01    3.2e-06
  28100      2.51e-01    3.03e-01      1.01e-03    5.65e-03      1.23e-01    1.46e-01    3.2e-06
  28200      2.97e-01    2.31e-01      6.68e-04    7.31e-04      1.45e-01    1.13e-01    3.2e-06
  28300      3.03e-01    3.15e-01      1.99e-03    2.60e-03      1.48e-01    1.53e-01    3.2e-06
  28400      2.52e-01    2.55e-01      4.42e-03    1.39e-03      1.22e-01    1.25e-01    3.2e-06
  28500      2.76e-01    2.88e-01      3.60e-04    1.35e-03      1.35e-01    1.40e-01    3.2e-06
  28600      3.17e-01    3.17e-01      3.66e-03    1.77e-03      1.54e-01    1.55e-01    3.2e-06
  28700      2.58e-01    2.62e-01      2.21e-03    1.84e-03      1.26e-01    1.28e-01    3.2e-06
  28800      3.00e-01    2.96e-01      4.63e-04    1.21e-03      1.46e-01    1.44e-01    3.2e-06
  28900      2.54e-01    4.79e-01      5.55e-03    6.41e-03      1.22e-01    2.32e-01    3.2e-06
  29000      2.71e-01    2.18e-01      5.03e-03    6.70e-05      1.41e-01    1.15e-01    2.6e-06
  29100      2.49e-01    3.02e-01      2.99e-03    4.03e-04      1.31e-01    1.59e-01    2.6e-06
  29200      2.78e-01    2.76e-01      2.74e-03    2.12e-03      1.46e-01    1.45e-01    2.6e-06
  29300      3.11e-01    2.46e-01      1.99e-03    3.29e-03      1.64e-01    1.29e-01    2.6e-06
  29400      2.94e-01    2.60e-01      2.24e-03    9.95e-04      1.54e-01    1.37e-01    2.6e-06
  29500      3.51e-01    3.13e-01      9.46e-04    1.26e-03      1.85e-01    1.65e-01    2.6e-06
  29600      2.36e-01    2.95e-01      2.30e-03    6.56e-04      1.24e-01    1.55e-01    2.6e-06
  29700      2.71e-01    2.61e-01      2.59e-03    2.55e-03      1.42e-01    1.37e-01    2.6e-06
  29800      2.20e-01    3.89e-01      4.08e-03    3.21e-04      1.14e-01    2.05e-01    2.6e-06
  29900      2.61e-01    2.40e-01      5.58e-04    2.63e-03      1.38e-01    1.26e-01    2.6e-06
  30000      1.92e-01    2.85e-01      2.76e-03    2.29e-03      1.08e-01    1.61e-01    2.1e-06
  30100      2.73e-01    2.41e-01      1.79e-03    3.32e-03      1.54e-01    1.35e-01    2.1e-06
  30200      2.43e-01    2.35e-01      1.36e-03    1.81e-04      1.37e-01    1.33e-01    2.1e-06
  30300      2.21e-01    1.85e-01      6.57e-03    1.65e-03      1.22e-01    1.04e-01    2.1e-06
  30400      2.32e-01    2.22e-01      1.01e-03    5.98e-04      1.31e-01    1.26e-01    2.1e-06
  30500      3.27e-01    2.54e-01      7.02e-04    3.38e-03      1.85e-01    1.43e-01    2.1e-06
  30600      2.78e-01    2.85e-01      4.94e-04    1.05e-03      1.57e-01    1.61e-01    2.1e-06
  30700      2.05e-01    2.05e-01      7.84e-04    2.10e-03      1.16e-01    1.16e-01    2.1e-06
  30800      2.19e-01    2.65e-01      4.63e-03    3.71e-03      1.22e-01    1.49e-01    2.1e-06
  30900      2.47e-01    2.51e-01      2.50e-03    4.84e-03      1.39e-01    1.41e-01    2.1e-06
  31000      2.23e-01    2.47e-01      1.60e-03    1.32e-04      1.35e-01    1.49e-01    1.7e-06
  31100      2.62e-01    2.51e-01      2.90e-03    1.46e-03      1.58e-01    1.52e-01    1.7e-06
  31200      2.29e-01    2.96e-01      7.54e-04    1.87e-03      1.38e-01    1.79e-01    1.7e-06
  31300      2.47e-01    3.36e-01      4.83e-03    3.90e-03      1.48e-01    2.03e-01    1.7e-06
  31400      2.54e-01    2.09e-01      1.44e-03    1.48e-03      1.53e-01    1.26e-01    1.7e-06
  31500      1.75e-01    2.70e-01      1.21e-03    7.72e-03      1.06e-01    1.60e-01    1.7e-06
  31600      2.43e-01    2.03e-01      2.56e-03    1.56e-03      1.47e-01    1.22e-01    1.7e-06
  31700      2.22e-01    2.81e-01      4.81e-03    1.11e-04      1.32e-01    1.70e-01    1.7e-06
  31800      2.18e-01    2.44e-01      3.93e-03    5.71e-04      1.31e-01    1.48e-01    1.7e-06
  31900      2.70e-01    2.25e-01      2.46e-03    2.68e-03      1.63e-01    1.36e-01    1.7e-06
  32000      2.28e-01    1.87e-01      7.41e-04    3.76e-03      1.47e-01    1.19e-01    1.4e-06
  32100      2.14e-01    1.81e-01      1.56e-04    6.24e-04      1.38e-01    1.17e-01    1.4e-06
  32200      1.81e-01    2.32e-01      5.46e-04    3.10e-03      1.16e-01    1.49e-01    1.4e-06
  32300      2.94e-01    2.23e-01      2.66e-03    5.50e-04      1.89e-01    1.44e-01    1.4e-06
  32400      2.14e-01    1.78e-01      4.84e-04    7.57e-04      1.38e-01    1.15e-01    1.4e-06
  32500      1.90e-01    2.26e-01      4.21e-04    1.27e-03      1.22e-01    1.45e-01    1.4e-06
  32600      2.07e-01    3.10e-01      9.28e-04    3.03e-03      1.34e-01    1.99e-01    1.4e-06
  32700      2.08e-01    2.38e-01      1.25e-03    5.84e-04      1.34e-01    1.54e-01    1.4e-06
  32800      2.11e-01    2.32e-01      1.89e-03    2.76e-03      1.36e-01    1.49e-01    1.4e-06
  32900      2.54e-01    1.88e-01      1.09e-03    9.41e-04      1.63e-01    1.21e-01    1.4e-06
  33000      2.04e-01    2.07e-01      1.45e-03    3.80e-05      1.39e-01    1.41e-01    1.1e-06
  33100      1.91e-01    1.60e-01      9.56e-04    3.41e-03      1.31e-01    1.08e-01    1.1e-06
  33200      2.10e-01    2.32e-01      4.42e-03    2.81e-03      1.41e-01    1.58e-01    1.1e-06
  33300      1.85e-01    2.34e-01      1.62e-03    3.37e-03      1.26e-01    1.59e-01    1.1e-06
  33400      1.57e-01    2.33e-01      1.60e-03    1.70e-05      1.07e-01    1.59e-01    1.1e-06
  33500      1.97e-01    1.81e-01      1.76e-03    1.56e-03      1.34e-01    1.23e-01    1.1e-06
  33600      2.69e-01    2.15e-01      9.91e-05    2.69e-03      1.84e-01    1.46e-01    1.1e-06
  33700      2.89e-01    2.24e-01      1.71e-03    2.30e-03      1.97e-01    1.52e-01    1.1e-06
  33800      2.22e-01    1.91e-01      3.09e-05    4.19e-03      1.51e-01    1.28e-01    1.1e-06
  33900      2.40e-01    2.02e-01      4.75e-04    1.80e-03      1.64e-01    1.37e-01    1.1e-06
  34000      1.93e-01    2.14e-01      4.72e-04    2.38e-03      1.39e-01    1.53e-01    9.3e-07
  34100      2.09e-01    2.10e-01      7.19e-04    1.33e-03      1.50e-01    1.51e-01    9.3e-07
  34200      1.90e-01    2.97e-01      1.90e-03    9.22e-04      1.36e-01    2.13e-01    9.3e-07
  34300      2.24e-01    2.26e-01      7.17e-04    1.12e-03      1.61e-01    1.62e-01    9.3e-07
  34400      1.69e-01    2.27e-01      1.05e-03    3.83e-03      1.22e-01    1.61e-01    9.3e-07
  34500      1.61e-01    1.73e-01      1.07e-03    3.32e-03      1.16e-01    1.23e-01    9.3e-07
  34600      2.28e-01    1.97e-01      1.87e-03    9.78e-04      1.64e-01    1.42e-01    9.3e-07
  34700      2.38e-01    1.55e-01      1.06e-03    3.71e-04      1.71e-01    1.11e-01    9.3e-07
  34800      1.99e-01    1.96e-01      3.39e-03    9.51e-04      1.42e-01    1.41e-01    9.3e-07
  34900      2.44e-01    2.10e-01      9.43e-04    2.04e-03      1.75e-01    1.51e-01    9.3e-07
  35000      2.13e-01    1.79e-01      2.23e-03    5.19e-04      1.60e-01    1.35e-01    7.6e-07
  35100      1.55e-01    1.75e-01      9.59e-04    9.72e-04      1.17e-01    1.32e-01    7.6e-07
  35200      2.08e-01    2.24e-01      3.23e-05    9.47e-04      1.57e-01    1.69e-01    7.6e-07
  35300      2.32e-01    1.93e-01      2.78e-06    3.10e-03      1.75e-01    1.44e-01    7.6e-07
  35400      1.95e-01    1.96e-01      3.05e-03    4.65e-03      1.46e-01    1.45e-01    7.6e-07
  35500      1.59e-01    1.81e-01      1.17e-03    2.95e-04      1.19e-01    1.36e-01    7.6e-07
  35600      1.64e-01    1.66e-01      1.09e-03    1.08e-03      1.23e-01    1.25e-01    7.6e-07
  35700      1.58e-01    2.12e-01      3.73e-04    1.31e-03      1.19e-01    1.59e-01    7.6e-07
  35800      1.52e-01    1.68e-01      2.64e-04    1.18e-03      1.14e-01    1.26e-01    7.6e-07
  35900      2.06e-01    2.22e-01      2.80e-03    2.60e-03      1.54e-01    1.66e-01    7.6e-07
  36000      1.66e-01    2.07e-01      9.74e-04    1.20e-03      1.30e-01    1.63e-01    6.2e-07
  36100      2.14e-01    1.59e-01      3.59e-03    3.39e-03      1.66e-01    1.23e-01    6.2e-07
  36200      1.49e-01    1.92e-01      6.85e-05    6.36e-03      1.17e-01    1.46e-01    6.2e-07
  36300      2.24e-01    1.95e-01      3.81e-03    8.09e-04      1.74e-01    1.53e-01    6.2e-07
  36400      1.57e-01    1.72e-01      3.59e-03    2.25e-03      1.22e-01    1.34e-01    6.2e-07
  36500      1.39e-01    1.81e-01      7.56e-04    7.62e-04      1.09e-01    1.42e-01    6.2e-07
  36600      1.48e-01    1.72e-01      1.21e-03    2.02e-04      1.16e-01    1.35e-01    6.2e-07
  36700      1.41e-01    2.71e-01      3.45e-03    1.85e-04      1.09e-01    2.13e-01    6.2e-07
  36800      2.23e-01    1.77e-01      2.11e-03    7.49e-04      1.75e-01    1.39e-01    6.2e-07
  36900      1.70e-01    1.65e-01      1.05e-03    2.77e-03      1.34e-01    1.28e-01    6.2e-07
  37000      1.75e-01    1.59e-01      1.86e-03    1.17e-03      1.42e-01    1.29e-01    5.1e-07
  37100      1.78e-01    1.90e-01      1.09e-03    8.07e-04      1.45e-01    1.55e-01    5.1e-07
  37200      1.54e-01    1.53e-01      1.29e-03    1.99e-04      1.25e-01    1.25e-01    5.1e-07
  37300      1.54e-01    1.78e-01      4.17e-03    2.82e-03      1.23e-01    1.44e-01    5.1e-07
  37400      1.88e-01    1.59e-01      1.58e-03    2.54e-04      1.53e-01    1.29e-01    5.1e-07
  37500      1.74e-01    1.95e-01      6.60e-03    2.44e-03      1.36e-01    1.59e-01    5.1e-07
  37600      1.58e-01    1.61e-01      3.24e-03    8.50e-04      1.27e-01    1.31e-01    5.1e-07
  37700      1.76e-01    2.06e-01      2.47e-04    2.68e-03      1.44e-01    1.67e-01    5.1e-07
  37800      1.60e-01    1.95e-01      2.61e-04    5.15e-04      1.30e-01    1.59e-01    5.1e-07
  37900      1.78e-01    1.73e-01      1.60e-03    1.41e-03      1.45e-01    1.41e-01    5.1e-07
  38000      1.50e-01    1.89e-01      1.54e-03    3.29e-03      1.26e-01    1.58e-01    4.1e-07
  38100      1.90e-01    1.64e-01      8.06e-03    1.69e-03      1.51e-01    1.37e-01    4.1e-07
  38200      1.17e-01    1.77e-01      3.86e-03    2.18e-04      9.56e-02    1.49e-01    4.1e-07
  38300      1.93e-01    2.23e-01      9.32e-04    4.41e-03      1.62e-01    1.86e-01    4.1e-07
  38400      1.38e-01    1.67e-01      2.25e-03    1.49e-03      1.15e-01    1.40e-01    4.1e-07
  38500      1.62e-01    1.46e-01      2.91e-03    1.85e-04      1.35e-01    1.23e-01    4.1e-07
  38600      1.75e-01    1.48e-01      6.86e-03    1.38e-03      1.40e-01    1.25e-01    4.1e-07
  38700      1.56e-01    2.53e-01      2.19e-03    7.78e-04      1.31e-01    2.13e-01    4.1e-07
  38800      1.77e-01    1.96e-01      2.70e-03    1.98e-05      1.48e-01    1.65e-01    4.1e-07
  38900      1.88e-01    1.85e-01      1.55e-03    5.60e-03      1.58e-01    1.52e-01    4.1e-07
  39000      1.64e-01    2.02e-01      2.38e-03    2.81e-03      1.41e-01    1.74e-01    3.4e-07
  39100      1.43e-01    2.35e-01      1.13e-03    2.08e-03      1.24e-01    2.03e-01    3.4e-07
  39200      1.96e-01    1.87e-01      1.23e-03    3.22e-04      1.70e-01    1.61e-01    3.4e-07
  39300      2.25e-01    1.80e-01      3.80e-03    3.14e-03      1.93e-01    1.54e-01    3.4e-07
  39400      1.38e-01    1.71e-01      5.00e-03    1.67e-03      1.14e-01    1.48e-01    3.4e-07
  39500      1.83e-01    1.76e-01      5.77e-04    1.77e-03      1.58e-01    1.52e-01    3.4e-07
  39600      1.45e-01    1.64e-01      6.58e-04    6.57e-04      1.25e-01    1.42e-01    3.4e-07
  39700      1.51e-01    1.67e-01      1.40e-03    3.79e-05      1.31e-01    1.45e-01    3.4e-07
  39800      1.63e-01    1.44e-01      5.79e-04    3.61e-03      1.41e-01    1.23e-01    3.4e-07
  39900      1.52e-01    1.79e-01      1.66e-03    3.68e-04      1.31e-01    1.55e-01    3.4e-07
  40000      1.48e-01    1.86e-01      4.07e-04    1.61e-03      1.31e-01    1.64e-01    2.7e-07
  40100      1.38e-01    1.76e-01      2.65e-04    1.43e-03      1.22e-01    1.56e-01    2.7e-07
  40200      1.32e-01    1.58e-01      1.06e-03    2.51e-04      1.16e-01    1.40e-01    2.7e-07
  40300      1.98e-01    1.80e-01      2.50e-03    5.40e-04      1.75e-01    1.59e-01    2.7e-07
  40400      1.75e-01    1.55e-01      2.11e-03    5.83e-04      1.54e-01    1.37e-01    2.7e-07
  40500      1.84e-01    1.81e-01      1.63e-03    5.79e-04      1.62e-01    1.61e-01    2.7e-07
  40600      1.55e-01    1.50e-01      1.29e-03    1.18e-04      1.37e-01    1.33e-01    2.7e-07
  40700      1.31e-01    1.65e-01      1.04e-04    3.63e-03      1.17e-01    1.44e-01    2.7e-07
  40800      1.54e-01    1.31e-01      1.81e-03    2.45e-03      1.36e-01    1.15e-01    2.7e-07
  40900      1.69e-01    1.76e-01      7.72e-03    3.17e-03      1.40e-01    1.54e-01    2.7e-07
  41000      1.38e-01    1.65e-01      6.95e-04    5.15e-03      1.25e-01    1.45e-01    2.2e-07
  41100      1.86e-01    1.50e-01      3.11e-03    7.43e-04      1.66e-01    1.35e-01    2.2e-07
  41200      1.35e-01    1.92e-01      5.73e-04    1.75e-03      1.22e-01    1.73e-01    2.2e-07
  41300      1.53e-01    1.62e-01      2.13e-04    1.12e-03      1.38e-01    1.47e-01    2.2e-07
  41400      1.51e-01    1.70e-01      2.94e-03    1.50e-03      1.35e-01    1.54e-01    2.2e-07
  41500      1.63e-01    1.44e-01      1.96e-03    3.38e-03      1.47e-01    1.28e-01    2.2e-07
  41600      1.36e-01    1.93e-01      5.02e-04    1.62e-03      1.23e-01    1.74e-01    2.2e-07
  41700      1.74e-01    1.61e-01      8.30e-04    5.31e-03      1.57e-01    1.41e-01    2.2e-07
  41800      1.49e-01    1.51e-01      3.63e-04    2.54e-03      1.35e-01    1.35e-01    2.2e-07
  41900      1.58e-01    1.43e-01      2.33e-03    1.35e-03      1.42e-01    1.29e-01    2.2e-07
  42000      2.15e-01    1.41e-01      2.62e-03    1.64e-03      1.97e-01    1.29e-01    1.8e-07
  42100      1.78e-01    1.36e-01      3.00e-03    7.98e-04      1.63e-01    1.25e-01    1.8e-07
  42200      1.37e-01    1.35e-01      1.91e-03    1.40e-03      1.26e-01    1.24e-01    1.8e-07
  42300      1.23e-01    1.73e-01      3.86e-03    7.39e-04      1.09e-01    1.59e-01    1.8e-07
  42400      1.67e-01    1.40e-01      2.87e-04    1.57e-04      1.54e-01    1.29e-01    1.8e-07
  42500      1.46e-01    1.52e-01      7.77e-04    9.47e-04      1.34e-01    1.40e-01    1.8e-07
  42600      1.42e-01    1.61e-01      5.34e-04    2.34e-03      1.31e-01    1.47e-01    1.8e-07
  42700      1.64e-01    1.21e-01      1.45e-03    1.07e-03      1.50e-01    1.11e-01    1.8e-07
  42800      2.00e-01    1.64e-01      1.34e-03    4.20e-03      1.84e-01    1.48e-01    1.8e-07
  42900      1.46e-01    1.66e-01      1.38e-03    3.60e-04      1.34e-01    1.52e-01    1.8e-07
  43000      1.70e-01    2.56e-01      1.61e-03    6.85e-03      1.58e-01    2.33e-01    1.5e-07
  43100      1.72e-01    1.33e-01      7.71e-03    3.78e-03      1.51e-01    1.21e-01    1.5e-07
  43200      1.68e-01    1.42e-01      5.98e-04    1.15e-03      1.57e-01    1.32e-01    1.5e-07
  43300      1.47e-01    1.32e-01      5.37e-04    6.75e-04      1.38e-01    1.23e-01    1.5e-07
  43400      1.57e-01    1.49e-01      7.81e-04    6.54e-03      1.47e-01    1.31e-01    1.5e-07
  43500      1.41e-01    1.65e-01      1.60e-03    1.27e-03      1.31e-01    1.54e-01    1.5e-07
  43600      1.98e-01    1.73e-01      6.49e-04    2.13e-03      1.85e-01    1.61e-01    1.5e-07
  43700      1.24e-01    1.72e-01      3.50e-04    2.22e-04      1.16e-01    1.60e-01    1.5e-07
  43800      1.70e-01    2.56e-01      2.26e-04    6.99e-03      1.58e-01    2.34e-01    1.5e-07
  43900      1.49e-01    1.46e-01      5.53e-04    2.68e-03      1.39e-01    1.35e-01    1.5e-07
  44000      1.27e-01    1.56e-01      5.18e-03    3.63e-04      1.14e-01    1.47e-01    1.2e-07
  44100      1.35e-01    1.85e-01      2.20e-03    2.40e-03      1.26e-01    1.74e-01    1.2e-07
  44200      1.52e-01    1.35e-01      2.91e-03    8.46e-04      1.42e-01    1.28e-01    1.2e-07
  44300      1.59e-01    1.71e-01      3.93e-03    1.79e-03      1.48e-01    1.61e-01    1.2e-07
  44400      1.58e-01    1.46e-01      2.67e-03    1.75e-03      1.48e-01    1.37e-01    1.2e-07
  44500      1.81e-01    1.37e-01      2.27e-03    2.18e-03      1.70e-01    1.29e-01    1.2e-07
  44600      1.70e-01    1.33e-01      1.60e-03    3.32e-03      1.60e-01    1.23e-01    1.2e-07
  44700      1.22e-01    1.43e-01      1.18e-03    2.45e-03      1.15e-01    1.34e-01    1.2e-07
  44800      1.17e-01    1.71e-01      3.00e-03    7.24e-03      1.08e-01    1.53e-01    1.2e-07
  44900      1.46e-01    1.59e-01      8.11e-05    1.25e-03      1.38e-01    1.50e-01    1.2e-07
  45000      1.30e-01    1.16e-01      3.58e-03    1.62e-04      1.21e-01    1.11e-01    9.8e-08
  45100      1.31e-01    1.33e-01      3.25e-03    2.80e-03      1.23e-01    1.25e-01    9.8e-08
  45200      1.03e-01    1.30e-01      3.33e-03    3.76e-03      9.56e-02    1.21e-01    9.8e-08
  45300      1.14e-01    1.39e-01      3.57e-03    1.45e-03      1.06e-01    1.32e-01    9.8e-08
  45400      1.52e-01    1.51e-01      3.23e-04    2.60e-03      1.45e-01    1.43e-01    9.8e-08
  45500      1.79e-01    1.26e-01      5.92e-04    3.10e-04      1.71e-01    1.20e-01    9.8e-08
  45600      1.36e-01    1.71e-01      4.84e-04    6.82e-04      1.30e-01    1.63e-01    9.8e-08
  45700      1.71e-01    1.43e-01      7.23e-04    2.38e-03      1.63e-01    1.36e-01    9.8e-08
  45800      1.22e-01    1.69e-01      6.45e-04    3.81e-03      1.16e-01    1.59e-01    9.8e-08
  45900      1.60e-01    1.43e-01      6.59e-04    1.99e-03      1.53e-01    1.35e-01    9.8e-08
  46000      1.66e-01    1.58e-01      3.24e-03    2.45e-03      1.58e-01    1.51e-01    8.0e-08
  46100      1.42e-01    1.20e-01      2.40e-03    6.93e-04      1.36e-01    1.15e-01    8.0e-08
  46200      1.46e-01    1.61e-01      4.12e-05    3.86e-03      1.41e-01    1.52e-01    8.0e-08
  46300      2.02e-01    1.28e-01      3.17e-03    2.80e-04      1.93e-01    1.24e-01    8.0e-08
  46400      1.34e-01    1.15e-01      5.30e-03    7.42e-04      1.22e-01    1.10e-01    8.0e-08
  46500      1.30e-01    1.44e-01      3.96e-03    2.72e-03      1.22e-01    1.37e-01    8.0e-08
  46600      1.62e-01    1.44e-01      2.83e-03    1.44e-03      1.54e-01    1.38e-01    8.0e-08
  46700      1.57e-01    1.48e-01      3.84e-04    1.28e-04      1.51e-01    1.42e-01    8.0e-08
  46800      1.83e-01    1.90e-01      3.29e-03    1.24e-03      1.74e-01    1.82e-01    8.0e-08
  46900      1.22e-01    1.68e-01      1.22e-03    6.09e-04      1.17e-01    1.62e-01    8.0e-08
  47000      1.38e-01    1.48e-01      1.15e-03    4.62e-03      1.34e-01    1.39e-01    6.5e-08
  47100      1.46e-01    1.41e-01      3.57e-03    2.35e-03      1.39e-01    1.36e-01    6.5e-08
  47200      1.43e-01    1.35e-01      2.20e-04    1.81e-03      1.38e-01    1.30e-01    6.5e-08
  47300      1.37e-01    2.05e-01      2.92e-03    1.94e-03      1.31e-01    1.98e-01    6.5e-08
  47400      1.80e-01    1.51e-01      3.16e-04    3.67e-03      1.74e-01    1.44e-01    6.5e-08
  47500      1.52e-01    1.42e-01      2.78e-03    1.04e-03      1.46e-01    1.38e-01    6.5e-08
  47600      1.13e-01    1.25e-01      6.81e-05    8.01e-04      1.09e-01    1.21e-01    6.5e-08
  47700      1.66e-01    1.44e-01      1.11e-03    1.11e-03      1.61e-01    1.40e-01    6.5e-08
  47800      1.46e-01    1.08e-01      6.73e-03    7.74e-04      1.32e-01    1.04e-01    6.5e-08
  47900      1.28e-01    1.65e-01      8.20e-04    1.28e-03      1.24e-01    1.59e-01    6.5e-08
  48000      1.50e-01    1.38e-01      1.93e-03    3.27e-03      1.45e-01    1.33e-01    5.3e-08
  48100      1.30e-01    1.19e-01      2.00e-03    2.35e-04      1.25e-01    1.16e-01    5.3e-08
  48200      1.38e-01    1.34e-01      1.73e-03    1.96e-03      1.33e-01    1.30e-01    5.3e-08
  48300      1.23e-01    1.33e-01      1.41e-03    1.98e-03      1.19e-01    1.29e-01    5.3e-08
  48400      1.35e-01    1.42e-01      1.79e-03    2.51e-03      1.31e-01    1.37e-01    5.3e-08
  48500      1.50e-01    1.20e-01      4.61e-03    2.39e-03      1.41e-01    1.15e-01    5.3e-08
  48600      1.22e-01    1.64e-01      4.19e-04    1.69e-03      1.19e-01    1.59e-01    5.3e-08
  48700      1.80e-01    1.56e-01      1.45e-03    3.87e-04      1.76e-01    1.52e-01    5.3e-08
  48800      1.12e-01    2.19e-01      2.45e-03    9.86e-04      1.07e-01    2.13e-01    5.3e-08
  48900      1.32e-01    1.94e-01      2.75e-03    4.38e-03      1.27e-01    1.86e-01    5.3e-08
  49000      1.33e-01    2.09e-01      3.65e-04    3.09e-04      1.30e-01    2.04e-01    4.3e-08
  49100      1.18e-01    1.73e-01      1.53e-03    3.23e-03      1.14e-01    1.68e-01    4.3e-08
  49200      1.34e-01    1.37e-01      8.93e-04    1.25e-03      1.31e-01    1.34e-01    4.3e-08
  49300      1.94e-01    1.44e-01      2.82e-03    1.10e-03      1.89e-01    1.40e-01    4.3e-08
  49400      1.18e-01    1.36e-01      3.55e-04    1.73e-04      1.16e-01    1.33e-01    4.3e-08
  49500      1.68e-01    1.66e-01      1.64e-03    3.25e-03      1.64e-01    1.60e-01    4.3e-08
  49600      1.67e-01    1.56e-01      2.34e-04    1.61e-04      1.64e-01    1.52e-01    4.3e-08
  49700      1.46e-01    1.45e-01      5.87e-03    1.04e-04      1.36e-01    1.42e-01    4.3e-08
  49800      1.47e-01    1.58e-01      4.75e-04    3.18e-03      1.44e-01    1.53e-01    4.3e-08
  49900      1.45e-01    1.63e-01      1.40e-03    1.30e-03      1.41e-01    1.59e-01    4.3e-08
  50000      1.56e-01    1.52e-01      5.98e-04    4.40e-03      1.54e-01    1.45e-01    3.5e-08
